#
# A fatal error has been detected by the Java Runtime Environment:
#
#  SIGSEGV (0xb) at pc=0x00007f359473f25a, pid=4939, tid=4980
#
# JRE version: OpenJDK Runtime Environment JBR-21.0.6+8-631.39-jcef (21.0.6+8) (build 21.0.6+8-b631.39)
# Java VM: OpenJDK 64-Bit Server VM JBR-21.0.6+8-631.39-jcef (21.0.6+8-b631.39, mixed mode, sharing, tiered, compressed oops, compressed class ptrs, g1 gc, linux-amd64)
# Problematic frame:
# V  [libjvm.so+0x81e25a]  G1ParScanThreadState::trim_queue_to_threshold(unsigned int)+0x179a
#
# Core dump will be written. Default location: Core dumps may be processed with "/lib/systemd/systemd-coredump %P %u %g %s %t 9223372036854775808 %h" (or dumping to /home/marciuc/Documents/IpProject/catan/catan/IP 2B3/core.4939)
#
# If you would like to submit a bug report, please visit:
#   https://youtrack.jetbrains.com/issues/JBR
#

---------------  S U M M A R Y ------------

Command Line: -Djava.io.tmpdir=/home/marciuc/.cache/JetBrains/Rider2024.3/tmp/statistics-uploader -Dawt.toolkit.name=XToolkit com.intellij.internal.statistic.uploader.EventLogUploader --ide-token /home/marciuc/.cache/JetBrains/Rider2024.3/token --recorders FUS;MP;IJ_MAP;ML --device-fus 0912243c0b6a5c5-bc36-414e-80a1-680d085c1776 --bucket-fus 159 --machine-fus 6a3e83e2d07a9781cbe10b1edc9f8dfe368a79609ec7cbdf7efdaed3f09f04e5 --id-revision-fus 0 --files-fus /home/marciuc/.cache/JetBrains/Rider2024.3/event-log-data/logs/FUS/5a5b-41a7-87e7-e9d192b06b53-243.26053.56-release.log:/home/marciuc/.cache/JetBrains/Rider2024.3/event-log-data/logs/FUS/5ae9-4f1d-af78-dcb8926680ad-243.26053.56-release.log --escape-fus false --device-mp 0912243569f8eb4-c562-4bcd-984d-0a5610122b5f --bucket-mp 199 --machine-mp aae711331ac5bffff579dd1d88c9f3bb8f6949a325344279c39d3c9237ca1a17 --id-revision-mp 0 --files-mp /home/marciuc/.cache/JetBrains/Rider2024.3/event-log-data/logs/MP/2267-4503-a3bb-a9445b0d94c5-243.26053.56-release.log --escape-mp false --device-ij_map 0912243c0b6a5c5-bc36-414e-80a1-680d085c1776 --bucket-ij_map 159 --machine-ij_map 6a3e83e2d07a9781cbe10b1edc9f8dfe368a79609ec7cbdf7efdaed3f09f04e5 --id-revision-ij_map 0 --files-ij_map /home/marciuc/.cache/JetBrains/Rider2024.3/event-log-data/logs/IJ_MAP/062e-4900-97c2-192953584db6-243.26053.56-release.log:/home/marciuc/.cache/JetBrains/Rider2024.3/event-log-data/logs/IJ_MAP/886e-48f7-88d0-5e8891da298f-243.26053.56-release.log:/home/marciuc/.cache/JetBrains/Rider2024.3/event-log-data/logs/IJ_MAP/ac5c-4497-b657-be3bf2040f43-243.26053.56-release.log:/home/marciuc/.cache/JetBrains/Rider2024.3/event-log-data/logs/IJ_MAP/c778-4d51-8de0-ed72c43700c5-243.26053.56-release.log:/home/marciuc/.cache/JetBrains/Rider2024.3/event-log-data/logs/IJ_MAP/0405-4457-9a99-d9f4f4f2cfe7-243.26053.56-release.log --escape-ij_map false --device-ml 0912243c0b6a5c5-bc36-414e-80a1-680d085c1776 --bucket-ml 159 --machine-ml 6a3e83e2d07a9781cbe10b1edc9f8dfe368a79609ec7cbdf7efdaed3f09f04e5 --id-revision-ml 0 --files-ml /home/marciuc/.cache/JetBrains/Rider2024.3/event-log-data/logs/ML/22c5-4268-93eb-d407b29a90d5-243.26053.56-release.log --escape-ml false --url https://resources.jetbrains.com/storage/fus/config/v4/%s/%s.json --product RD --product-version 2024.3.7 --baseline-version 243 --user-agent JetBrains Rider/243.26053.56 --extra-headers 

Host: Intel(R) Core(TM) i7-7500U CPU @ 2.70GHz, 4 cores, 15G, Linux Mint 21.3 Virginia
Time: Mon Apr 21 14:11:24 2025 EEST elapsed time: 2.848788 seconds (0d 0h 0m 2s)

---------------  T H R E A D  ---------------

Current thread (0x00007f350c007050):  WorkerThread "GC Thread#1"    [id=4980, stack(0x00007f351e400000,0x00007f351e500000) (1024K)]

Stack: [0x00007f351e400000,0x00007f351e500000],  sp=0x00007f351e4fe9b0,  free space=1018k
Native frames: (J=compiled Java code, j=interpreted, Vv=VM code, C=native code)
V  [libjvm.so+0x81e25a]  G1ParScanThreadState::trim_queue_to_threshold(unsigned int)+0x179a
V  [libjvm.so+0x836840]  G1ScanHRForRegionClosure::scan_heap_roots(HeapRegion*)+0x450
V  [libjvm.so+0x83313b]  G1RemSet::scan_heap_roots(G1ParScanThreadState*, unsigned int, G1GCPhaseTimes::GCParPhases, G1GCPhaseTimes::GCParPhases, bool)+0x1db
V  [libjvm.so+0x85725b]  G1EvacuateRegionsTask::scan_roots(G1ParScanThreadState*, unsigned int)+0x4b
V  [libjvm.so+0x857483]  G1EvacuateRegionsBaseTask::work(unsigned int)+0x83
V  [libjvm.so+0x10327c0]  WorkerThread::run()+0x80
V  [libjvm.so+0xf767a8]  Thread::call_run()+0xa8
V  [libjvm.so+0xd0444a]  thread_native_entry(Thread*)+0xda

siginfo: si_signo: 11 (SIGSEGV), si_code: 1 (SEGV_MAPERR), si_addr: 0x00000006164e7158

Registers:
RAX=0x00007f358c091fe6, RBX=0x00007f34cc005320, RCX=0x0000000000000015, RDX=0x0000000000000000
RSP=0x00007f351e4fe9b0, RBP=0x00007f351e4fea50, RSI=0x0000000000000003, RDI=0x0000000000000000
R8 =0x0000000000000001, R9 =0x0000000715d9de58, R10=0x000000000000000c, R11=0x0000000000000001
R12=0x0000000715d9de0d, R13=0x00000006164e7158, R14=0x00007f35953f26f0, R15=0x00007f35954335d4
RIP=0x00007f359473f25a, EFLAGS=0x0000000000010246, CSGSFS=0x002b000000000033, ERR=0x0000000000000004
  TRAPNO=0x000000000000000e

XMM[0]=0x0000004a00002498 0x0000000000000001
XMM[1]=0x732e646e69626174 0x61642e6e6f736b63
XMM[2]=0x72656765746e4924 0x7372657a696c6169
XMM[3]=0x732e646e69626174 0x61642e6e6f736b63
XMM[4]=0xe2c66552e2c66548 0xe2c66545e2c66542
XMM[5]=0x0000000000000000 0x0000000000000000
XMM[6]=0xe2d7d81c00000000 0xfffddb2cfffddb39
XMM[7]=0x00007f35201ea530 0x00007f35201ea2d0
XMM[8]=0x0000000000000000 0x0000000000000000
XMM[9]=0x0000000000000000 0x0000000000000000
XMM[10]=0x0000000000000000 0x0000000000000000
XMM[11]=0x0000000000000000 0x00007f35950430a0
XMM[12]=0x0000000000000000 0x0000000000000000
XMM[13]=0x0000000000000000 0x0000000000000000
XMM[14]=0x0000000000000000 0x0000000000000000
XMM[15]=0xcafebabecafebabe 0xcafebabecafebabe
  MXCSR=0x00001fa0


Register to memory mapping:

RAX=0x00007f358c091fe6 points into unknown readable memory: 00 00
RBX=0x00007f34cc005320 points into unknown readable memory: 0x00007f3595325878 | 78 58 32 95 35 7f 00 00
RCX=0x0000000000000015 is an unknown value
RDX=0x0 is null
RSP=0x00007f351e4fe9b0 points into unknown readable memory: 0x00007f350c001650 | 50 16 00 0c 35 7f 00 00
RBP=0x00007f351e4fea50 points into unknown readable memory: 0x00007f351e4feb70 | 70 eb 4f 1e 35 7f 00 00
RSI=0x0000000000000003 is an unknown value
RDI=0x0 is null
R8 =0x0000000000000001 is an unknown value
R9 =0x0000000715d9de58 is an oop: [B 
{0x0000000715d9de58} - klass: {type array byte}
 - length: 74
R10=0x000000000000000c is an unknown value
R11=0x0000000000000001 is an unknown value
R12=
[error occurred during error reporting (printing register info), id 0xb, SIGSEGV (0xb) at pc=0x00007f35946f0f53]
R13=0x00000006164e7158 is an unknown value
R14=0x00007f35953f26f0: <offset 0x00000000014d16f0> in /home/marciuc/Downloads/JetBrains Rider-2024.3.7/jbr/lib/server/libjvm.so at 0x00007f3593f21000
R15=0x00007f35954335d4: <offset 0x00000000015125d4> in /home/marciuc/Downloads/JetBrains Rider-2024.3.7/jbr/lib/server/libjvm.so at 0x00007f3593f21000

Top of Stack: (sp=0x00007f351e4fe9b0)
0x00007f351e4fe9b0:   00007f350c001650 0000000000000002
0x00007f351e4fe9c0:   00007f3400000000 0000000000000001
0x00007f351e4fe9d0:   000000000000000c 00007f358c11ecd0
0x00007f351e4fe9e0:   0000006a00000000 00007f351f002498
0x00007f351e4fe9f0:   0000000715d9dc00 00007f35953f0e90
0x00007f351e4fea00:   000000401e4fea30 0000000715d9de58
0x00007f351e4fea10:   00017f351e4feb10 0000000000000001
0x00007f351e4fea20:   000000000000054b 00007f3592f49780
0x00007f351e4fea30:   00007f3592f4977e 00007f34cc005320
0x00007f351e4fea40:   00000000a7a4f30d 00007f351e4fec20
0x00007f351e4fea50:   00007f351e4feb70 00007f3594757840
0x00007f351e4fea60:   00000000000003d8 00007f34e40013f8
0x00007f351e4fea70:   00007f350c0073f0 00007f34e4001020
0x00007f351e4fea80:   00007f34e4001010 000000029472dca2
0x00007f351e4fea90:   00007f350c001650 0000000000001f00
0x00007f351e4feaa0:   00007f3574d00f90 00000007ffec3948
0x00007f351e4feab0:   00000000000007c0 00007f3592f4977e
0x00007f351e4feac0:   0000000000000000 00007f358c06e0f0
0x00007f351e4fead0:   01007f351e4febf0 00007f3592f49780
0x00007f351e4feae0:   0000000000000011 00000001e66dd412
0x00007f351e4feaf0:   00007f351e4fec20 00000001e66c6452
0x00007f351e4feb00:   00000007ffeefc38 0000000000003e00
0x00007f351e4feb10:   00007f3595325978 0000000000000000
0x00007f351e4feb20:   00007f358c0401b0 00007f34cc005320
0x00007f351e4feb30:   00007f351e4fec70 00007f35947299d6
0x00007f351e4feb40:   00007f351e4fec78 0000000000000001
0x00007f351e4feb50:   0000000000000001 00007f358c0401b0
0x00007f351e4feb60:   00007f351e4febf0 00007f35954335b8
0x00007f351e4feb70:   00007f351e4fece0 00007f359475413b
0x00007f351e4feb80:   00007f351e4fece0 0000001094763bfc
0x00007f351e4feb90:   0000001400000002 00007f358c06e0b0
0x00007f351e4feba0:   00007f351e4fec20 0000000400000006 

Instructions: (pc=0x00007f359473f25a)
0x00007f359473f15a:   00 00 e9 3e ff ff ff 0f 1f 80 00 00 00 00 49 8b
0x00007f359473f16a:   b5 b0 02 00 00 48 c1 e0 03 48 85 f6 0f 85 7b 03
0x00007f359473f17a:   00 00 49 8b 95 80 02 00 00 48 8d 78 08 48 8d 05
0x00007f359473f18a:   82 7c fb ff 48 89 4d a0 44 89 45 a8 4d 8d 95 80
0x00007f359473f19a:   02 00 00 48 8b 12 4c 89 4d b8 48 39 c2 0f 85 fc
0x00007f359473f1aa:   17 00 00 31 d2 be 05 00 00 00 e8 67 5f c1 ff 4c
0x00007f359473f1ba:   8b 4d b8 44 8b 45 a8 48 89 c2 49 8b 85 88 02 00
0x00007f359473f1ca:   00 48 8b 4d a0 48 8d 04 c2 49 8b b5 b8 02 00 00
0x00007f359473f1da:   48 89 30 49 8b 85 a8 02 00 00 49 89 95 b8 02 00
0x00007f359473f1ea:   00 48 85 f6 74 07 49 03 85 88 02 00 00 49 89 85
0x00007f359473f1fa:   a8 02 00 00 b8 01 00 00 00 e9 8b fd ff ff 0f 1f
0x00007f359473f20a:   84 00 00 00 00 00 48 8d 05 79 1c cb 00 45 8b 6c
0x00007f359473f21a:   24 ff 8b 70 08 48 8b 10 48 89 45 a8 48 8b 43 08
0x00007f359473f22a:   89 f1 49 d3 e5 8b 88 b8 05 00 00 48 8b 80 a8 05
0x00007f359473f23a:   00 00 49 01 d5 4c 89 ef 48 d3 ef 48 8d 04 78 0f
0x00007f359473f24a:   b6 78 01 40 88 7d a0 40 84 ff 0f 88 86 f3 ff ff
0x00007f359473f25a:   4d 8b 5d 00 4d 89 df 41 83 e7 03 49 83 ff 03 0f
0x00007f359473f26a:   85 f8 05 00 00 49 83 e3 fc 4c 8d 3d 5a 43 cf 00
0x00007f359473f27a:   4c 89 5d b8 48 8b 7d b8 89 f1 49 83 ec 01 48 89
0x00007f359473f28a:   f8 48 29 d0 48 d3 e8 41 89 04 24 48 89 f8 41 8b
0x00007f359473f29a:   0f 4c 31 e0 48 d3 e8 48 85 c0 0f 84 36 f3 ff ff
0x00007f359473f2aa:   48 8b 43 08 4c 89 e2 8b 88 b8 05 00 00 48 8b 80
0x00007f359473f2ba:   a8 05 00 00 48 d3 ea 80 7c 50 01 fe 0f 84 14 f3
0x00007f359473f2ca:   ff ff 48 d3 ef 48 8d 04 78 80 78 01 00 0f 89 03
0x00007f359473f2da:   f3 ff ff 80 38 00 0f 84 fa f2 ff ff 48 8d 15 57
0x00007f359473f2ea:   37 ce 00 48 8b 43 60 8b 0a 49 d3 ec 4c 89 e6 e9
0x00007f359473f2fa:   bb f2 ff ff 66 90 48 89 fe 48 83 c2 08 4c 89 c7
0x00007f359473f30a:   ff d0 4c 8b 5d b8 e9 66 eb ff ff 0f 1f 00 49 8b
0x00007f359473f31a:   8e b0 02 00 00 48 c1 e0 03 48 85 c9 0f 84 42 03
0x00007f359473f32a:   00 00 49 8b 96 c0 02 00 00 48 83 e9 01 48 01 d0
0x00007f359473f33a:   48 8b 30 49 89 8e b0 02 00 00 49 89 b6 c0 02 00
0x00007f359473f34a:   00 49 8b 8e b8 02 00 00 48 89 08 49 8b 86 a8 02 


Stack slot to memory mapping:

stack at sp + 0 slots: 0x00007f350c001650 points into unknown readable memory: 0x0000000000000004 | 04 00 00 00 00 00 00 00
stack at sp + 1 slots: 0x0000000000000002 is an unknown value
stack at sp + 2 slots: 0x00007f3400000000 is an unknown value
stack at sp + 3 slots: 0x0000000000000001 is an unknown value
stack at sp + 4 slots: 0x000000000000000c is an unknown value
stack at sp + 5 slots: 0x00007f358c11ecd0 points into unknown readable memory: 0x0000000716200000 | 00 00 20 16 07 00 00 00
stack at sp + 6 slots: 0x0000006a00000000 is an unknown value
stack at sp + 7 slots: 0x00007f351f002498 is a pointer to class: 


---------------  P R O C E S S  ---------------

Threads class SMR info:
_java_thread_list=0x00007f34dc0dfcf0, length=35, elements={
0x00007f358c02c8a0, 0x00007f358c15f030, 0x00007f358c160590, 0x00007f358c161d20,
0x00007f358c163350, 0x00007f358c1648e0, 0x00007f358c166410, 0x00007f358c167ac0,
0x00007f358c174ed0, 0x00007f358c1784f0, 0x00007f358c1e2020, 0x00007f358c1e2a50,
0x00007f358c1e4d60, 0x00007f34f40ec940, 0x00007f34e40b1640, 0x00007f34e0060e00,
0x00007f34dc013cf0, 0x00007f34e8037130, 0x00007f34c8003820, 0x00007f34c4002ac0,
0x00007f34c0001d90, 0x00007f34bc004990, 0x00007f34c4004530, 0x00007f34bc005c30,
0x00007f34c8007160, 0x00007f34c001c0d0, 0x00007f34e00f94e0, 0x00007f34e434bf60,
0x00007f34e806da10, 0x00007f34c400a0c0, 0x00007f34d0003ba0, 0x00007f34c400b860,
0x00007f34cc006150, 0x00007f34d0004e10, 0x00007f34cc0073f0
}

Java Threads: ( => current thread )
  0x00007f358c02c8a0 JavaThread "main"                              [_thread_blocked, id=4940, stack(0x00007f3593d35000,0x00007f3593e35000) (1024K)]
  0x00007f358c15f030 JavaThread "Reference Handler"          daemon [_thread_blocked, id=4948, stack(0x00007f35742c0000,0x00007f35743c0000) (1024K)]
  0x00007f358c160590 JavaThread "Finalizer"                  daemon [_thread_blocked, id=4949, stack(0x00007f35741c0000,0x00007f35742c0000) (1024K)]
  0x00007f358c161d20 JavaThread "Signal Dispatcher"          daemon [_thread_blocked, id=4950, stack(0x00007f35740c0000,0x00007f35741c0000) (1024K)]
  0x00007f358c163350 JavaThread "Service Thread"             daemon [_thread_blocked, id=4951, stack(0x00007f351ef00000,0x00007f351f000000) (1024K)]
  0x00007f358c1648e0 JavaThread "Monitor Deflation Thread"   daemon [_thread_blocked, id=4952, stack(0x00007f351ee00000,0x00007f351ef00000) (1024K)]
  0x00007f358c166410 JavaThread "C2 CompilerThread0"         daemon [_thread_blocked, id=4953, stack(0x00007f351ed00000,0x00007f351ee00000) (1024K)]
  0x00007f358c167ac0 JavaThread "C1 CompilerThread0"         daemon [_thread_blocked, id=4954, stack(0x00007f351ec00000,0x00007f351ed00000) (1024K)]
  0x00007f358c174ed0 JavaThread "Notification Thread"        daemon [_thread_blocked, id=4955, stack(0x00007f351eb00000,0x00007f351ec00000) (1024K)]
  0x00007f358c1784f0 JavaThread "Common-Cleaner"             daemon [_thread_blocked, id=4956, stack(0x00007f351ea00000,0x00007f351eb00000) (1024K)]
  0x00007f358c1e2020 JavaThread "pool-1-thread-1"                   [_thread_blocked, id=4963, stack(0x00007f351e900000,0x00007f351ea00000) (1024K)]
  0x00007f358c1e2a50 JavaThread "pool-1-thread-2"                   [_thread_blocked, id=4964, stack(0x00007f351e800000,0x00007f351e900000) (1024K)]
  0x00007f358c1e4d60 JavaThread "pool-1-thread-4"                   [_thread_blocked, id=4966, stack(0x00007f351e600000,0x00007f351e700000) (1024K)]
  0x00007f34f40ec940 JavaThread "C2 CompilerThread1"         daemon [_thread_blocked, id=4975, stack(0x00007f351e500000,0x00007f351e600000) (1024K)]
  0x00007f34e40b1640 JavaThread "HttpClient-4-SelectorManager" daemon [_thread_in_native, id=4983, stack(0x00007f351e0fd000,0x00007f351e1fd000) (1024K)]
  0x00007f34e0060e00 JavaThread "HttpClient-3-SelectorManager" daemon [_thread_in_native, id=4984, stack(0x00007f351dffd000,0x00007f351e0fd000) (1024K)]
  0x00007f34dc013cf0 JavaThread "HttpClient-1-SelectorManager" daemon [_thread_in_native, id=4985, stack(0x00007f351defd000,0x00007f351dffd000) (1024K)]
  0x00007f34e8037130 JavaThread "HttpClient-2-SelectorManager" daemon [_thread_in_native, id=4986, stack(0x00007f351ddfd000,0x00007f351defd000) (1024K)]
  0x00007f34c8003820 JavaThread "HttpClient-3-Worker-0"      daemon [_thread_blocked, id=4990, stack(0x00007f351dcfd000,0x00007f351ddfd000) (1024K)]
  0x00007f34c4002ac0 JavaThread "HttpClient-4-Worker-0"      daemon [_thread_blocked, id=4991, stack(0x00007f351dbfd000,0x00007f351dcfd000) (1024K)]
  0x00007f34c0001d90 JavaThread "HttpClient-2-Worker-0"      daemon [_thread_blocked, id=4992, stack(0x00007f351dafd000,0x00007f351dbfd000) (1024K)]
  0x00007f34bc004990 JavaThread "HttpClient-1-Worker-0"      daemon [_thread_blocked, id=4993, stack(0x00007f351d9fd000,0x00007f351dafd000) (1024K)]
  0x00007f34c4004530 JavaThread "HttpClient-4-Worker-1"      daemon [_thread_blocked, id=4994, stack(0x00007f351d8fd000,0x00007f351d9fd000) (1024K)]
  0x00007f34bc005c30 JavaThread "HttpClient-1-Worker-1"      daemon [_thread_blocked, id=4995, stack(0x00007f351d7fd000,0x00007f351d8fd000) (1024K)]
  0x00007f34c8007160 JavaThread "HttpClient-3-Worker-1"      daemon [_thread_blocked, id=4996, stack(0x00007f351d6fd000,0x00007f351d7fd000) (1024K)]
  0x00007f34c001c0d0 JavaThread "HttpClient-2-Worker-1"      daemon [_thread_blocked, id=4997, stack(0x00007f351d5fd000,0x00007f351d6fd000) (1024K)]
  0x00007f34e00f94e0 JavaThread "HttpClient-6-SelectorManager" daemon [_thread_blocked, id=5003, stack(0x00007f351d4fd000,0x00007f351d5fd000) (1024K)]
  0x00007f34e434bf60 JavaThread "HttpClient-5-SelectorManager" daemon [_thread_in_native, id=5004, stack(0x00007f351d3fd000,0x00007f351d4fd000) (1024K)]
  0x00007f34e806da10 JavaThread "HttpClient-7-SelectorManager" daemon [_thread_in_native, id=5005, stack(0x00007f351d2fd000,0x00007f351d3fd000) (1024K)]
  0x00007f34c400a0c0 JavaThread "HttpClient-6-Worker-0"      daemon [_thread_blocked, id=5006, stack(0x00007f351d1fd000,0x00007f351d2fd000) (1024K)]
  0x00007f34d0003ba0 JavaThread "HttpClient-5-Worker-0"      daemon [_thread_blocked, id=5007, stack(0x00007f351d0fd000,0x00007f351d1fd000) (1024K)]
  0x00007f34c400b860 JavaThread "HttpClient-6-Worker-1"      daemon [_thread_blocked, id=5008, stack(0x00007f351cffd000,0x00007f351d0fd000) (1024K)]
  0x00007f34cc006150 JavaThread "HttpClient-7-Worker-0"      daemon [_thread_blocked, id=5009, stack(0x00007f351cefd000,0x00007f351cffd000) (1024K)]
  0x00007f34d0004e10 JavaThread "HttpClient-5-Worker-1"      daemon [_thread_blocked, id=5010, stack(0x00007f351cdfd000,0x00007f351cefd000) (1024K)]
  0x00007f34cc0073f0 JavaThread "HttpClient-7-Worker-1"      daemon [_thread_blocked, id=5011, stack(0x00007f351ccfd000,0x00007f351cdfd000) (1024K)]
Total: 35

Other Threads:
  0x00007f358c1551a0 VMThread "VM Thread"                           [id=4947, stack(0x00007f3574c03000,0x00007f3574d03000) (1024K)]
  0x00007f358c143550 WatcherThread "VM Periodic Task Thread"        [id=4946, stack(0x00007f3574d04000,0x00007f3574e04000) (1024K)]
  0x00007f358c093fb0 WorkerThread "GC Thread#0"                     [id=4941, stack(0x00007f3592647000,0x00007f3592747000) (1024K)]
=>0x00007f350c007050 WorkerThread "GC Thread#1"                     [id=4980, stack(0x00007f351e400000,0x00007f351e500000) (1024K)]
  0x00007f350c007b60 WorkerThread "GC Thread#2"                     [id=4981, stack(0x00007f351e2ff000,0x00007f351e3ff000) (1024K)]
  0x00007f350c008670 WorkerThread "GC Thread#3"                     [id=4982, stack(0x00007f351e1fe000,0x00007f351e2fe000) (1024K)]
  0x00007f358c0a4db0 ConcurrentGCThread "G1 Main Marker"            [id=4942, stack(0x00007f3592546000,0x00007f3592646000) (1024K)]
  0x00007f358c0a5d50 WorkerThread "G1 Conc#0"                       [id=4943, stack(0x00007f3592445000,0x00007f3592545000) (1024K)]
  0x00007f358c128c60 ConcurrentGCThread "G1 Refine#0"               [id=4944, stack(0x00007f357513d000,0x00007f357523d000) (1024K)]
  0x00007f358c129c10 ConcurrentGCThread "G1 Service"                [id=4945, stack(0x00007f357503c000,0x00007f357513c000) (1024K)]
Total: 10

Threads with active compile tasks:
C2 CompilerThread0  2859 1999       4       java.lang.invoke.MethodType::makeImpl (109 bytes)
C2 CompilerThread1  2859 2038       4       jdk.internal.org.objectweb.asm.Frame::execute (2305 bytes)
Total: 2

VM state: at safepoint (normal execution)

VM Mutex/Monitor currently owned by a thread:  ([mutex/lock_event])
[0x00007f359544dff8] Threads_lock - owner thread: 0x00007f358c1551a0
[0x00007f359544def8] Heap_lock - owner thread: 0x00007f34c400b860

Heap address: 0x0000000707e00000, size: 3970 MB, Compressed Oops mode: Zero based, Oop shift amount: 3

CDS archive(s) mapped at: [0x00007f351f000000-0x00007f351fd2e000-0x00007f351fd2e000), size 13819904, SharedBaseAddress: 0x00007f351f000000, ArchiveRelocationMode: 1.
Compressed class space mapped at: 0x00007f3520000000-0x00007f3560000000, reserved size: 1073741824
Narrow klass base: 0x00007f351f000000, Narrow klass shift: 0, Narrow klass range: 0x100000000

GC Precious Log:
 CardTable entry size: 512
 Card Set container configuration: InlinePtr #cards 4 size 8 Array Of Cards #cards 16 size 48 Howl #buckets 8 coarsen threshold 3686 Howl Bitmap #cards 512 size 80 coarsen threshold 460 Card regions per heap region 1 cards per card region 4096
 CPUs: 4 total, 4 available
 Memory: 15875M
 Large Page Support: Disabled
 NUMA Support: Disabled
 Compressed Oops: Enabled (Zero based)
 Heap Region Size: 2M
 Heap Min Capacity: 8M
 Heap Initial Capacity: 250M
 Heap Max Capacity: 3970M
 Pre-touch: Disabled
 Parallel Workers: 4
 Concurrent Workers: 1
 Concurrent Refinement Workers: 4
 Periodic GC: Disabled

Heap:
 garbage-first heap   total 258048K, used 36817K [0x0000000707e00000, 0x0000000800000000)
  region size 2048K, 14 young (28672K), 2 survivors (4096K)
 Metaspace       used 17679K, committed 18048K, reserved 1114112K
  class space    used 2026K, committed 2176K, reserved 1048576K

Heap Regions: E=young(eden), S=young(survivor), O=old, HS=humongous(starts), HC=humongous(continues), CS=collection set, F=free, TAMS=top-at-mark-start, PB=parsable bottom
|   0|0x0000000707e00000, 0x0000000708000000, 0x0000000708000000|100%|HS|  |TAMS 0x0000000707e00000| PB 0x0000000707e00000| Complete 
|   1|0x0000000708000000, 0x0000000708200000, 0x0000000708200000|100%|HS|  |TAMS 0x0000000708000000| PB 0x0000000708000000| Complete 
|   2|0x0000000708200000, 0x0000000708400000, 0x0000000708400000|100%|HC|  |TAMS 0x0000000708200000| PB 0x0000000708200000| Complete 
|   3|0x0000000708400000, 0x0000000708600000, 0x0000000708600000|100%| O|  |TAMS 0x0000000708400000| PB 0x0000000708400000| Untracked 
|   4|0x0000000708600000, 0x000000070876a8b8, 0x0000000708800000| 70%| O|  |TAMS 0x0000000708600000| PB 0x0000000708600000| Untracked 
|   5|0x0000000708800000, 0x0000000708800000, 0x0000000708a00000|  0%| F|  |TAMS 0x0000000708800000| PB 0x0000000708800000| Untracked 
|   6|0x0000000708a00000, 0x0000000708a00000, 0x0000000708c00000|  0%| F|  |TAMS 0x0000000708a00000| PB 0x0000000708a00000| Untracked 
|   7|0x0000000708c00000, 0x0000000708c00000, 0x0000000708e00000|  0%| F|  |TAMS 0x0000000708c00000| PB 0x0000000708c00000| Untracked 
|   8|0x0000000708e00000, 0x0000000708e00000, 0x0000000709000000|  0%| F|  |TAMS 0x0000000708e00000| PB 0x0000000708e00000| Untracked 
|   9|0x0000000709000000, 0x0000000709000000, 0x0000000709200000|  0%| F|  |TAMS 0x0000000709000000| PB 0x0000000709000000| Untracked 
|  10|0x0000000709200000, 0x0000000709200000, 0x0000000709400000|  0%| F|  |TAMS 0x0000000709200000| PB 0x0000000709200000| Untracked 
|  11|0x0000000709400000, 0x0000000709400000, 0x0000000709600000|  0%| F|  |TAMS 0x0000000709400000| PB 0x0000000709400000| Untracked 
|  12|0x0000000709600000, 0x0000000709600000, 0x0000000709800000|  0%| F|  |TAMS 0x0000000709600000| PB 0x0000000709600000| Untracked 
|  13|0x0000000709800000, 0x0000000709800000, 0x0000000709a00000|  0%| F|  |TAMS 0x0000000709800000| PB 0x0000000709800000| Untracked 
|  14|0x0000000709a00000, 0x0000000709a00000, 0x0000000709c00000|  0%| F|  |TAMS 0x0000000709a00000| PB 0x0000000709a00000| Untracked 
|  15|0x0000000709c00000, 0x0000000709c00000, 0x0000000709e00000|  0%| F|  |TAMS 0x0000000709c00000| PB 0x0000000709c00000| Untracked 
|  16|0x0000000709e00000, 0x0000000709e00000, 0x000000070a000000|  0%| F|  |TAMS 0x0000000709e00000| PB 0x0000000709e00000| Untracked 
|  17|0x000000070a000000, 0x000000070a000000, 0x000000070a200000|  0%| F|  |TAMS 0x000000070a000000| PB 0x000000070a000000| Untracked 
|  18|0x000000070a200000, 0x000000070a200000, 0x000000070a400000|  0%| F|  |TAMS 0x000000070a200000| PB 0x000000070a200000| Untracked 
|  19|0x000000070a400000, 0x000000070a400000, 0x000000070a600000|  0%| F|  |TAMS 0x000000070a400000| PB 0x000000070a400000| Untracked 
|  20|0x000000070a600000, 0x000000070a600000, 0x000000070a800000|  0%| F|  |TAMS 0x000000070a600000| PB 0x000000070a600000| Untracked 
|  21|0x000000070a800000, 0x000000070a800000, 0x000000070aa00000|  0%| F|  |TAMS 0x000000070a800000| PB 0x000000070a800000| Untracked 
|  22|0x000000070aa00000, 0x000000070aa00000, 0x000000070ac00000|  0%| F|  |TAMS 0x000000070aa00000| PB 0x000000070aa00000| Untracked 
|  23|0x000000070ac00000, 0x000000070ac00000, 0x000000070ae00000|  0%| F|  |TAMS 0x000000070ac00000| PB 0x000000070ac00000| Untracked 
|  24|0x000000070ae00000, 0x000000070ae00000, 0x000000070b000000|  0%| F|  |TAMS 0x000000070ae00000| PB 0x000000070ae00000| Untracked 
|  25|0x000000070b000000, 0x000000070b000000, 0x000000070b200000|  0%| F|  |TAMS 0x000000070b000000| PB 0x000000070b000000| Untracked 
|  26|0x000000070b200000, 0x000000070b200000, 0x000000070b400000|  0%| F|  |TAMS 0x000000070b200000| PB 0x000000070b200000| Untracked 
|  27|0x000000070b400000, 0x000000070b400000, 0x000000070b600000|  0%| F|  |TAMS 0x000000070b400000| PB 0x000000070b400000| Untracked 
|  28|0x000000070b600000, 0x000000070b600000, 0x000000070b800000|  0%| F|  |TAMS 0x000000070b600000| PB 0x000000070b600000| Untracked 
|  29|0x000000070b800000, 0x000000070b800000, 0x000000070ba00000|  0%| F|  |TAMS 0x000000070b800000| PB 0x000000070b800000| Untracked 
|  30|0x000000070ba00000, 0x000000070ba00000, 0x000000070bc00000|  0%| F|  |TAMS 0x000000070ba00000| PB 0x000000070ba00000| Untracked 
|  31|0x000000070bc00000, 0x000000070bc00000, 0x000000070be00000|  0%| F|  |TAMS 0x000000070bc00000| PB 0x000000070bc00000| Untracked 
|  32|0x000000070be00000, 0x000000070be00000, 0x000000070c000000|  0%| F|  |TAMS 0x000000070be00000| PB 0x000000070be00000| Untracked 
|  33|0x000000070c000000, 0x000000070c000000, 0x000000070c200000|  0%| F|  |TAMS 0x000000070c000000| PB 0x000000070c000000| Untracked 
|  34|0x000000070c200000, 0x000000070c200000, 0x000000070c400000|  0%| F|  |TAMS 0x000000070c200000| PB 0x000000070c200000| Untracked 
|  35|0x000000070c400000, 0x000000070c400000, 0x000000070c600000|  0%| F|  |TAMS 0x000000070c400000| PB 0x000000070c400000| Untracked 
|  36|0x000000070c600000, 0x000000070c600000, 0x000000070c800000|  0%| F|  |TAMS 0x000000070c600000| PB 0x000000070c600000| Untracked 
|  37|0x000000070c800000, 0x000000070c800000, 0x000000070ca00000|  0%| F|  |TAMS 0x000000070c800000| PB 0x000000070c800000| Untracked 
|  38|0x000000070ca00000, 0x000000070ca00000, 0x000000070cc00000|  0%| F|  |TAMS 0x000000070ca00000| PB 0x000000070ca00000| Untracked 
|  39|0x000000070cc00000, 0x000000070cc00000, 0x000000070ce00000|  0%| F|  |TAMS 0x000000070cc00000| PB 0x000000070cc00000| Untracked 
|  40|0x000000070ce00000, 0x000000070ce00000, 0x000000070d000000|  0%| F|  |TAMS 0x000000070ce00000| PB 0x000000070ce00000| Untracked 
|  41|0x000000070d000000, 0x000000070d000000, 0x000000070d200000|  0%| F|  |TAMS 0x000000070d000000| PB 0x000000070d000000| Untracked 
|  42|0x000000070d200000, 0x000000070d200000, 0x000000070d400000|  0%| F|  |TAMS 0x000000070d200000| PB 0x000000070d200000| Untracked 
|  43|0x000000070d400000, 0x000000070d400000, 0x000000070d600000|  0%| F|  |TAMS 0x000000070d400000| PB 0x000000070d400000| Untracked 
|  44|0x000000070d600000, 0x000000070d600000, 0x000000070d800000|  0%| F|  |TAMS 0x000000070d600000| PB 0x000000070d600000| Untracked 
|  45|0x000000070d800000, 0x000000070d800000, 0x000000070da00000|  0%| F|  |TAMS 0x000000070d800000| PB 0x000000070d800000| Untracked 
|  46|0x000000070da00000, 0x000000070da00000, 0x000000070dc00000|  0%| F|  |TAMS 0x000000070da00000| PB 0x000000070da00000| Untracked 
|  47|0x000000070dc00000, 0x000000070dc00000, 0x000000070de00000|  0%| F|  |TAMS 0x000000070dc00000| PB 0x000000070dc00000| Untracked 
|  48|0x000000070de00000, 0x000000070de00000, 0x000000070e000000|  0%| F|  |TAMS 0x000000070de00000| PB 0x000000070de00000| Untracked 
|  49|0x000000070e000000, 0x000000070e000000, 0x000000070e200000|  0%| F|  |TAMS 0x000000070e000000| PB 0x000000070e000000| Untracked 
|  50|0x000000070e200000, 0x000000070e200000, 0x000000070e400000|  0%| F|  |TAMS 0x000000070e200000| PB 0x000000070e200000| Untracked 
|  51|0x000000070e400000, 0x000000070e400000, 0x000000070e600000|  0%| F|  |TAMS 0x000000070e400000| PB 0x000000070e400000| Untracked 
|  52|0x000000070e600000, 0x000000070e600000, 0x000000070e800000|  0%| F|  |TAMS 0x000000070e600000| PB 0x000000070e600000| Untracked 
|  53|0x000000070e800000, 0x000000070e800000, 0x000000070ea00000|  0%| F|  |TAMS 0x000000070e800000| PB 0x000000070e800000| Untracked 
|  54|0x000000070ea00000, 0x000000070ea00000, 0x000000070ec00000|  0%| F|  |TAMS 0x000000070ea00000| PB 0x000000070ea00000| Untracked 
|  55|0x000000070ec00000, 0x000000070ec00000, 0x000000070ee00000|  0%| F|  |TAMS 0x000000070ec00000| PB 0x000000070ec00000| Untracked 
|  56|0x000000070ee00000, 0x000000070ee00000, 0x000000070f000000|  0%| F|  |TAMS 0x000000070ee00000| PB 0x000000070ee00000| Untracked 
|  57|0x000000070f000000, 0x000000070f000000, 0x000000070f200000|  0%| F|  |TAMS 0x000000070f000000| PB 0x000000070f000000| Untracked 
|  58|0x000000070f200000, 0x000000070f200000, 0x000000070f400000|  0%| F|  |TAMS 0x000000070f200000| PB 0x000000070f200000| Untracked 
|  59|0x000000070f400000, 0x000000070f400000, 0x000000070f600000|  0%| F|  |TAMS 0x000000070f400000| PB 0x000000070f400000| Untracked 
|  60|0x000000070f600000, 0x000000070f600000, 0x000000070f800000|  0%| F|  |TAMS 0x000000070f600000| PB 0x000000070f600000| Untracked 
|  61|0x000000070f800000, 0x000000070f800000, 0x000000070fa00000|  0%| F|  |TAMS 0x000000070f800000| PB 0x000000070f800000| Untracked 
|  62|0x000000070fa00000, 0x000000070fa00000, 0x000000070fc00000|  0%| F|  |TAMS 0x000000070fa00000| PB 0x000000070fa00000| Untracked 
|  63|0x000000070fc00000, 0x000000070fc00000, 0x000000070fe00000|  0%| F|  |TAMS 0x000000070fc00000| PB 0x000000070fc00000| Untracked 
|  64|0x000000070fe00000, 0x000000070fe00000, 0x0000000710000000|  0%| F|  |TAMS 0x000000070fe00000| PB 0x000000070fe00000| Untracked 
|  65|0x0000000710000000, 0x0000000710000000, 0x0000000710200000|  0%| F|  |TAMS 0x0000000710000000| PB 0x0000000710000000| Untracked 
|  66|0x0000000710200000, 0x0000000710200000, 0x0000000710400000|  0%| F|  |TAMS 0x0000000710200000| PB 0x0000000710200000| Untracked 
|  67|0x0000000710400000, 0x0000000710400000, 0x0000000710600000|  0%| F|  |TAMS 0x0000000710400000| PB 0x0000000710400000| Untracked 
|  68|0x0000000710600000, 0x0000000710600000, 0x0000000710800000|  0%| F|  |TAMS 0x0000000710600000| PB 0x0000000710600000| Untracked 
|  69|0x0000000710800000, 0x0000000710800000, 0x0000000710a00000|  0%| F|  |TAMS 0x0000000710800000| PB 0x0000000710800000| Untracked 
|  70|0x0000000710a00000, 0x0000000710a00000, 0x0000000710c00000|  0%| F|  |TAMS 0x0000000710a00000| PB 0x0000000710a00000| Untracked 
|  71|0x0000000710c00000, 0x0000000710c00000, 0x0000000710e00000|  0%| F|  |TAMS 0x0000000710c00000| PB 0x0000000710c00000| Untracked 
|  72|0x0000000710e00000, 0x0000000710e00000, 0x0000000711000000|  0%| F|  |TAMS 0x0000000710e00000| PB 0x0000000710e00000| Untracked 
|  73|0x0000000711000000, 0x0000000711000000, 0x0000000711200000|  0%| F|  |TAMS 0x0000000711000000| PB 0x0000000711000000| Untracked 
|  74|0x0000000711200000, 0x0000000711200000, 0x0000000711400000|  0%| F|  |TAMS 0x0000000711200000| PB 0x0000000711200000| Untracked 
|  75|0x0000000711400000, 0x0000000711400000, 0x0000000711600000|  0%| F|  |TAMS 0x0000000711400000| PB 0x0000000711400000| Untracked 
|  76|0x0000000711600000, 0x0000000711600000, 0x0000000711800000|  0%| F|  |TAMS 0x0000000711600000| PB 0x0000000711600000| Untracked 
|  77|0x0000000711800000, 0x0000000711800000, 0x0000000711a00000|  0%| F|  |TAMS 0x0000000711800000| PB 0x0000000711800000| Untracked 
|  78|0x0000000711a00000, 0x0000000711a00000, 0x0000000711c00000|  0%| F|  |TAMS 0x0000000711a00000| PB 0x0000000711a00000| Untracked 
|  79|0x0000000711c00000, 0x0000000711c00000, 0x0000000711e00000|  0%| F|  |TAMS 0x0000000711c00000| PB 0x0000000711c00000| Untracked 
|  80|0x0000000711e00000, 0x0000000711e00000, 0x0000000712000000|  0%| F|  |TAMS 0x0000000711e00000| PB 0x0000000711e00000| Untracked 
|  81|0x0000000712000000, 0x0000000712000000, 0x0000000712200000|  0%| F|  |TAMS 0x0000000712000000| PB 0x0000000712000000| Untracked 
|  82|0x0000000712200000, 0x0000000712200000, 0x0000000712400000|  0%| F|  |TAMS 0x0000000712200000| PB 0x0000000712200000| Untracked 
|  83|0x0000000712400000, 0x0000000712400000, 0x0000000712600000|  0%| F|  |TAMS 0x0000000712400000| PB 0x0000000712400000| Untracked 
|  84|0x0000000712600000, 0x0000000712600000, 0x0000000712800000|  0%| F|  |TAMS 0x0000000712600000| PB 0x0000000712600000| Untracked 
|  85|0x0000000712800000, 0x0000000712800000, 0x0000000712a00000|  0%| F|  |TAMS 0x0000000712800000| PB 0x0000000712800000| Untracked 
|  86|0x0000000712a00000, 0x0000000712a00000, 0x0000000712c00000|  0%| F|  |TAMS 0x0000000712a00000| PB 0x0000000712a00000| Untracked 
|  87|0x0000000712c00000, 0x0000000712c00000, 0x0000000712e00000|  0%| F|  |TAMS 0x0000000712c00000| PB 0x0000000712c00000| Untracked 
|  88|0x0000000712e00000, 0x0000000712e00000, 0x0000000713000000|  0%| F|  |TAMS 0x0000000712e00000| PB 0x0000000712e00000| Untracked 
|  89|0x0000000713000000, 0x0000000713000000, 0x0000000713200000|  0%| F|  |TAMS 0x0000000713000000| PB 0x0000000713000000| Untracked 
|  90|0x0000000713200000, 0x0000000713200000, 0x0000000713400000|  0%| F|  |TAMS 0x0000000713200000| PB 0x0000000713200000| Untracked 
|  91|0x0000000713400000, 0x0000000713400000, 0x0000000713600000|  0%| F|  |TAMS 0x0000000713400000| PB 0x0000000713400000| Untracked 
|  92|0x0000000713600000, 0x0000000713600000, 0x0000000713800000|  0%| F|  |TAMS 0x0000000713600000| PB 0x0000000713600000| Untracked 
|  93|0x0000000713800000, 0x0000000713800000, 0x0000000713a00000|  0%| F|  |TAMS 0x0000000713800000| PB 0x0000000713800000| Untracked 
|  94|0x0000000713a00000, 0x0000000713a00000, 0x0000000713c00000|  0%| F|  |TAMS 0x0000000713a00000| PB 0x0000000713a00000| Untracked 
|  95|0x0000000713c00000, 0x0000000713c00000, 0x0000000713e00000|  0%| F|  |TAMS 0x0000000713c00000| PB 0x0000000713c00000| Untracked 
|  96|0x0000000713e00000, 0x0000000713e00000, 0x0000000714000000|  0%| F|  |TAMS 0x0000000713e00000| PB 0x0000000713e00000| Untracked 
|  97|0x0000000714000000, 0x0000000714000000, 0x0000000714200000|  0%| F|  |TAMS 0x0000000714000000| PB 0x0000000714000000| Untracked 
|  98|0x0000000714200000, 0x0000000714200000, 0x0000000714400000|  0%| F|  |TAMS 0x0000000714200000| PB 0x0000000714200000| Untracked 
|  99|0x0000000714400000, 0x0000000714400000, 0x0000000714600000|  0%| F|  |TAMS 0x0000000714400000| PB 0x0000000714400000| Untracked 
| 100|0x0000000714600000, 0x0000000714600000, 0x0000000714800000|  0%| F|  |TAMS 0x0000000714600000| PB 0x0000000714600000| Untracked 
| 101|0x0000000714800000, 0x0000000714800000, 0x0000000714a00000|  0%| F|  |TAMS 0x0000000714800000| PB 0x0000000714800000| Untracked 
| 102|0x0000000714a00000, 0x0000000714a00000, 0x0000000714c00000|  0%| F|  |TAMS 0x0000000714a00000| PB 0x0000000714a00000| Untracked 
| 103|0x0000000714c00000, 0x0000000714c00000, 0x0000000714e00000|  0%| F|  |TAMS 0x0000000714c00000| PB 0x0000000714c00000| Untracked 
| 104|0x0000000714e00000, 0x0000000714e00000, 0x0000000715000000|  0%| F|  |TAMS 0x0000000714e00000| PB 0x0000000714e00000| Untracked 
| 105|0x0000000715000000, 0x0000000715000000, 0x0000000715200000|  0%| F|  |TAMS 0x0000000715000000| PB 0x0000000715000000| Untracked 
| 106|0x0000000715200000, 0x0000000715200000, 0x0000000715400000|  0%| F|  |TAMS 0x0000000715200000| PB 0x0000000715200000| Untracked 
| 107|0x0000000715400000, 0x0000000715400000, 0x0000000715600000|  0%| F|  |TAMS 0x0000000715400000| PB 0x0000000715400000| Untracked 
| 108|0x0000000715600000, 0x0000000715600000, 0x0000000715800000|  0%| F|  |TAMS 0x0000000715600000| PB 0x0000000715600000| Untracked 
| 109|0x0000000715800000, 0x0000000715800000, 0x0000000715a00000|  0%| F|  |TAMS 0x0000000715800000| PB 0x0000000715800000| Untracked 
| 110|0x0000000715a00000, 0x0000000715b042a8, 0x0000000715c00000| 50%| S|  |TAMS 0x0000000715a00000| PB 0x0000000715a00000| Complete 
| 111|0x0000000715c00000, 0x0000000715e00000, 0x0000000715e00000|100%| S|  |TAMS 0x0000000715c00000| PB 0x0000000715c00000| Complete 
| 112|0x0000000715e00000, 0x0000000716000000, 0x0000000716000000|100%| E|CS|TAMS 0x0000000715e00000| PB 0x0000000715e00000| Complete 
| 113|0x0000000716000000, 0x0000000716200000, 0x0000000716200000|100%| E|CS|TAMS 0x0000000716000000| PB 0x0000000716000000| Complete 
| 114|0x0000000716200000, 0x0000000716400000, 0x0000000716400000|100%| E|CS|TAMS 0x0000000716200000| PB 0x0000000716200000| Complete 
| 115|0x0000000716400000, 0x0000000716600000, 0x0000000716600000|100%| E|CS|TAMS 0x0000000716400000| PB 0x0000000716400000| Complete 
| 116|0x0000000716600000, 0x0000000716800000, 0x0000000716800000|100%| E|CS|TAMS 0x0000000716600000| PB 0x0000000716600000| Complete 
| 117|0x0000000716800000, 0x0000000716a00000, 0x0000000716a00000|100%| E|CS|TAMS 0x0000000716800000| PB 0x0000000716800000| Complete 
| 118|0x0000000716a00000, 0x0000000716c00000, 0x0000000716c00000|100%| E|CS|TAMS 0x0000000716a00000| PB 0x0000000716a00000| Complete 
| 119|0x0000000716c00000, 0x0000000716d7e360, 0x0000000716e00000| 74%| E|CS|TAMS 0x0000000716c00000| PB 0x0000000716c00000| Complete 
| 120|0x0000000716e00000, 0x0000000717000000, 0x0000000717000000|100%| E|CS|TAMS 0x0000000716e00000| PB 0x0000000716e00000| Complete 
| 121|0x0000000717000000, 0x0000000717200000, 0x0000000717200000|100%| E|CS|TAMS 0x0000000717000000| PB 0x0000000717000000| Complete 
| 122|0x0000000717200000, 0x0000000717400000, 0x0000000717400000|100%| E|CS|TAMS 0x0000000717200000| PB 0x0000000717200000| Complete 
| 123|0x0000000717400000, 0x0000000717600000, 0x0000000717600000|100%| E|CS|TAMS 0x0000000717400000| PB 0x0000000717400000| Complete 
| 124|0x0000000717600000, 0x0000000717800000, 0x0000000717800000|100%| E|CS|TAMS 0x0000000717600000| PB 0x0000000717600000| Complete 
|1984|0x00000007ffe00000, 0x00000007fff0bb38, 0x0000000800000000| 52%| O|  |TAMS 0x00000007ffe00000| PB 0x00000007ffe00000| Untracked 

Card table byte_map: [0x00007f3592789000,0x00007f3592f4a000] _byte_map_base: 0x00007f358ef4a000

Marking Bits: (CMBitMap*) 0x00007f358c094ad0
 Bits: [0x00007f357523d000, 0x00007f3579045000)

Polling page: 0x00007f3595706000

Metaspace:

Usage:
  Non-class:     15.29 MB used.
      Class:      1.98 MB used.
       Both:     17.27 MB used.

Virtual space:
  Non-class space:       64.00 MB reserved,      15.50 MB ( 24%) committed,  1 nodes.
      Class space:        1.00 GB reserved,       2.12 MB ( <1%) committed,  1 nodes.
             Both:        1.06 GB reserved,      17.62 MB (  2%) committed. 

Chunk freelists:
   Non-Class:  448.00 KB
       Class:  13.89 MB
        Both:  14.33 MB

MaxMetaspaceSize: unlimited
CompressedClassSpaceSize: 1.00 GB
Initial GC threshold: 21.00 MB
Current GC threshold: 21.00 MB
CDS: on
 - commit_granule_bytes: 65536.
 - commit_granule_words: 8192.
 - virtual_space_node_default_size: 8388608.
 - enlarge_chunks_in_place: 1.
 - use_allocation_guard: 0.


Internal statistics:

num_allocs_failed_limit: 0.
num_arena_births: 512.
num_arena_deaths: 0.
num_vsnodes_births: 2.
num_vsnodes_deaths: 0.
num_space_committed: 282.
num_space_uncommitted: 0.
num_chunks_returned_to_freelist: 0.
num_chunks_taken_from_freelist: 889.
num_chunk_merges: 0.
num_chunk_splits: 600.
num_chunks_enlarged: 380.
num_inconsistent_stats: 0.

CodeHeap 'non-profiled nmethods': size=120032Kb used=784Kb max_used=784Kb free=119247Kb
 bounds [0x00007f3580b0d000, 0x00007f3580d7d000, 0x00007f3588045000]
CodeHeap 'profiled nmethods': size=120028Kb used=3717Kb max_used=3717Kb free=116310Kb
 bounds [0x00007f3579045000, 0x00007f35793f5000, 0x00007f358057c000]
CodeHeap 'non-nmethods': size=5700Kb used=1512Kb max_used=1530Kb free=4187Kb
 bounds [0x00007f358057c000, 0x00007f35807ec000, 0x00007f3580b0d000]
 total_blobs=2717 nmethods=2118 adapters=503
 compilation: enabled
              stopped_count=0, restarted_count=0
 full_count=0

Compilation events (20 events):
Event: 2.801 Thread 0x00007f358c167ac0 2118       3       java.security.MessageDigest::getInstance (119 bytes)
Event: 2.801 Thread 0x00007f358c167ac0 nmethod 2118 0x00007f35793e2f90 code [0x00007f35793e31a0, 0x00007f35793e3830]
Event: 2.801 Thread 0x00007f358c167ac0 2117       1       java.nio.channels.SelectionKey::attachment (5 bytes)
Event: 2.801 Thread 0x00007f358c167ac0 nmethod 2117 0x00007f3580bd0c10 code [0x00007f3580bd0da0, 0x00007f3580bd0e68]
Event: 2.802 Thread 0x00007f358c167ac0 2119       3       javax.crypto.JceSecurity::canUseProvider (50 bytes)
Event: 2.802 Thread 0x00007f358c167ac0 nmethod 2119 0x00007f35793e3a10 code [0x00007f35793e3bc0, 0x00007f35793e3d38]
Event: 2.802 Thread 0x00007f358c167ac0 2120       3       sun.security.provider.SHA2::<init> (26 bytes)
Event: 2.803 Thread 0x00007f358c167ac0 nmethod 2120 0x00007f35793e3e10 code [0x00007f35793e3fe0, 0x00007f35793e4508]
Event: 2.803 Thread 0x00007f358c167ac0 2121       3       sun.security.provider.SHA2$SHA256::<init> (12 bytes)
Event: 2.803 Thread 0x00007f358c167ac0 nmethod 2121 0x00007f35793e4690 code [0x00007f35793e4880, 0x00007f35793e4e30]
Event: 2.803 Thread 0x00007f358c167ac0 2122       3       com.sun.crypto.provider.GHASH::update (50 bytes)
Event: 2.803 Thread 0x00007f358c167ac0 nmethod 2122 0x00007f35793e5010 code [0x00007f35793e51e0, 0x00007f35793e5458]
Event: 2.803 Thread 0x00007f358c167ac0 2125       3       java.util.ArrayDeque::pollFirst (36 bytes)
Event: 2.804 Thread 0x00007f358c167ac0 nmethod 2125 0x00007f35793e5590 code [0x00007f35793e5740, 0x00007f35793e5b38]
Event: 2.804 Thread 0x00007f358c167ac0 2124       1       sun.nio.ch.SelectionKeyImpl::nioInterestOps (5 bytes)
Event: 2.804 Thread 0x00007f358c167ac0 nmethod 2124 0x00007f3580bd0f10 code [0x00007f3580bd10a0, 0x00007f3580bd1160]
Event: 2.804 Thread 0x00007f358c167ac0 2123       3       java.util.TreeMap$PrivateEntryIterator::<init> (28 bytes)
Event: 2.804 Thread 0x00007f358c167ac0 nmethod 2123 0x00007f35793e5c90 code [0x00007f35793e5e40, 0x00007f35793e60a8]
Event: 2.804 Thread 0x00007f358c167ac0 2126       3       java.lang.Byte::hashCode (8 bytes)
Event: 2.804 Thread 0x00007f358c167ac0 nmethod 2126 0x00007f35793e6190 code [0x00007f35793e6320, 0x00007f35793e6480]

GC Heap History (5 events):
Event: 1.345 GC heap before
{Heap before GC invocations=0 (full 0):
 garbage-first heap   total 258048K, used 17454K [0x0000000707e00000, 0x0000000800000000)
  region size 2048K, 6 young (12288K), 0 survivors (0K)
 Metaspace       used 4963K, committed 5312K, reserved 1114112K
  class space    used 552K, committed 704K, reserved 1048576K
}
Event: 1.352 GC heap after
{Heap after GC invocations=1 (full 0):
 garbage-first heap   total 258048K, used 10816K [0x0000000707e00000, 0x0000000800000000)
  region size 2048K, 1 young (2048K), 1 survivors (2048K)
 Metaspace       used 4963K, committed 5312K, reserved 1114112K
  class space    used 552K, committed 704K, reserved 1048576K
}
Event: 1.721 GC heap before
{Heap before GC invocations=1 (full 0):
 garbage-first heap   total 258048K, used 19008K [0x0000000707e00000, 0x0000000800000000)
  region size 2048K, 6 young (12288K), 1 survivors (2048K)
 Metaspace       used 8217K, committed 8576K, reserved 1114112K
  class space    used 907K, committed 1024K, reserved 1048576K
}
Event: 1.732 GC heap after
{Heap after GC invocations=2 (full 0):
 garbage-first heap   total 258048K, used 12241K [0x0000000707e00000, 0x0000000800000000)
  region size 2048K, 1 young (2048K), 1 survivors (2048K)
 Metaspace       used 8217K, committed 8576K, reserved 1114112K
  class space    used 907K, committed 1024K, reserved 1048576K
}
Event: 2.809 GC heap before
{Heap before GC invocations=2 (full 0):
 garbage-first heap   total 258048K, used 34769K [0x0000000707e00000, 0x0000000800000000)
  region size 2048K, 13 young (26624K), 1 survivors (2048K)
 Metaspace       used 17679K, committed 18048K, reserved 1114112K
  class space    used 2026K, committed 2176K, reserved 1048576K
}

Dll operation events (7 events):
Event: 0.002 Loaded shared library /home/marciuc/Downloads/JetBrains Rider-2024.3.7/jbr/lib/libjava.so
Event: 0.124 Loaded shared library /home/marciuc/Downloads/JetBrains Rider-2024.3.7/jbr/lib/libzip.so
Event: 0.165 Loaded shared library /home/marciuc/Downloads/JetBrains Rider-2024.3.7/jbr/lib/libnio.so
Event: 0.217 Loaded shared library /home/marciuc/Downloads/JetBrains Rider-2024.3.7/jbr/lib/libzip.so
Event: 0.278 Loaded shared library /home/marciuc/Downloads/JetBrains Rider-2024.3.7/jbr/lib/libjimage.so
Event: 0.298 Loaded shared library /home/marciuc/Downloads/JetBrains Rider-2024.3.7/jbr/lib/libnet.so
Event: 1.738 Loaded shared library /home/marciuc/Downloads/JetBrains Rider-2024.3.7/jbr/lib/libextnet.so

Deoptimization events (20 events):
Event: 2.394 Thread 0x00007f34c0001d90 DEOPT PACKING pc=0x00007f35792cae95 sp=0x00007f351dbfa870
Event: 2.394 Thread 0x00007f34c0001d90 DEOPT UNPACKING pc=0x00007f35805d072f sp=0x00007f351dbf9cc0 mode 0
Event: 2.394 Thread 0x00007f34c0001d90 DEOPT PACKING pc=0x00007f35792caec8 sp=0x00007f351dbfa870
Event: 2.394 Thread 0x00007f34c0001d90 DEOPT UNPACKING pc=0x00007f35805d072f sp=0x00007f351dbf9cc0 mode 0
Event: 2.394 Thread 0x00007f34c0001d90 DEOPT PACKING pc=0x00007f35792cae95 sp=0x00007f351dbfa870
Event: 2.394 Thread 0x00007f34c0001d90 DEOPT UNPACKING pc=0x00007f35805d072f sp=0x00007f351dbf9cc0 mode 0
Event: 2.394 Thread 0x00007f34c0001d90 DEOPT PACKING pc=0x00007f35792caec8 sp=0x00007f351dbfa870
Event: 2.394 Thread 0x00007f34c0001d90 DEOPT UNPACKING pc=0x00007f35805d072f sp=0x00007f351dbf9cc0 mode 0
Event: 2.394 Thread 0x00007f34c0001d90 DEOPT PACKING pc=0x00007f35792cae95 sp=0x00007f351dbfa870
Event: 2.395 Thread 0x00007f34c0001d90 DEOPT UNPACKING pc=0x00007f35805d072f sp=0x00007f351dbf9cc0 mode 0
Event: 2.395 Thread 0x00007f34c0001d90 DEOPT PACKING pc=0x00007f35792caec8 sp=0x00007f351dbfa850
Event: 2.395 Thread 0x00007f34c0001d90 DEOPT UNPACKING pc=0x00007f35805d072f sp=0x00007f351dbf9ca0 mode 0
Event: 2.395 Thread 0x00007f34c0001d90 DEOPT PACKING pc=0x00007f35792cae95 sp=0x00007f351dbfa850
Event: 2.395 Thread 0x00007f34c0001d90 DEOPT UNPACKING pc=0x00007f35805d072f sp=0x00007f351dbf9ca0 mode 0
Event: 2.395 Thread 0x00007f34c0001d90 DEOPT PACKING pc=0x00007f35792caec8 sp=0x00007f351dbfa850
Event: 2.395 Thread 0x00007f34c0001d90 DEOPT UNPACKING pc=0x00007f35805d072f sp=0x00007f351dbf9ca0 mode 0
Event: 2.720 Thread 0x00007f358c1e2a50 Uncommon trap: trap_request=0xffffff45 fr.pc=0x00007f3580b8e2a0 relative=0x0000000000000360
Event: 2.720 Thread 0x00007f358c1e2a50 Uncommon trap: reason=unstable_if action=reinterpret pc=0x00007f3580b8e2a0 method=java.io.ByteArrayInputStream.read([BII)I @ 35 c2
Event: 2.720 Thread 0x00007f358c1e2a50 DEOPT PACKING pc=0x00007f3580b8e2a0 sp=0x00007f351e8fd2f0
Event: 2.720 Thread 0x00007f358c1e2a50 DEOPT UNPACKING pc=0x00007f35805cff99 sp=0x00007f351e8fd2b0 mode 2

Classes loaded (20 events):
Event: 2.705 Loading class java/lang/reflect/ProxyGenerator$ProxyMethod
Event: 2.705 Loading class java/lang/reflect/ProxyGenerator$ProxyMethod done
Event: 2.706 Loading class java/lang/reflect/ProxyGenerator$PrimitiveTypeInfo
Event: 2.706 Loading class java/lang/reflect/ProxyGenerator$PrimitiveTypeInfo done
Event: 2.707 Loading class java/lang/reflect/Proxy$ProxyBuilder$1
Event: 2.707 Loading class java/lang/reflect/Proxy$ProxyBuilder$1 done
Event: 2.709 Loading class java/lang/reflect/UndeclaredThrowableException
Event: 2.709 Loading class java/lang/reflect/UndeclaredThrowableException done
Event: 2.714 Loading class jdk/internal/reflect/MethodHandleIntegerFieldAccessorImpl
Event: 2.715 Loading class jdk/internal/reflect/MethodHandleIntegerFieldAccessorImpl done
Event: 2.772 Loading class sun/security/ssl/PreSharedKeyExtension$PskIdentity
Event: 2.772 Loading class sun/security/ssl/PreSharedKeyExtension$PskIdentity done
Event: 2.772 Loading class sun/security/ssl/PreSharedKeyExtension$CHPreSharedKeySpec
Event: 2.772 Loading class sun/security/ssl/PreSharedKeyExtension$CHPreSharedKeySpec done
Event: 2.772 Loading class sun/security/ssl/PreSharedKeyExtension$PartialClientHelloMessage
Event: 2.773 Loading class sun/security/ssl/PreSharedKeyExtension$PartialClientHelloMessage done
Event: 2.784 Loading class java/io/InterruptedIOException
Event: 2.784 Loading class java/io/InterruptedIOException done
Event: 2.787 Loading class sun/security/ssl/PreSharedKeyExtension$SHPreSharedKeySpec
Event: 2.788 Loading class sun/security/ssl/PreSharedKeyExtension$SHPreSharedKeySpec done

Classes unloaded (0 events):
No events

Classes redefined (0 events):
No events

Internal exceptions (20 events):
Event: 1.562 Thread 0x00007f358c1e2020 Exception <a 'java/lang/NoSuchMethodError'{0x00000007170fb8d8}: 'void java.lang.invoke.DirectMethodHandle$Holder.invokeStatic(java.lang.Object, java.lang.Object, java.lang.Object, java.lang.Object)'> (0x00000007170fb8d8) 
thrown [src/hotspot/share/interpreter/linkResolver.cpp, line 783]
Event: 1.562 Thread 0x00007f358c1e3c60 Exception <a 'java/lang/NoSuchMethodError'{0x000000071701fd60}: 'void java.lang.invoke.DirectMethodHandle$Holder.invokeStatic(java.lang.Object, java.lang.Object, java.lang.Object, java.lang.Object)'> (0x000000071701fd60) 
thrown [src/hotspot/share/interpreter/linkResolver.cpp, line 783]
Event: 1.571 Thread 0x00007f358c1e2020 Exception <a 'java/lang/NoSuchMethodError'{0x0000000717105a80}: 'void java.lang.invoke.DirectMethodHandle$Holder.invokeStatic(java.lang.Object, java.lang.Object, java.lang.Object, java.lang.Object, java.lang.Object, java.lang.Object, java.lang.Object)'> (0x0000000717105a80) 
thrown [src/hotspot/share/interpreter/linkResolver.cpp, line 783]
Event: 1.759 Thread 0x00007f358c1e2a50 Exception <a 'java/lang/NoSuchMethodError'{0x000000071770fb58}: 'void java.lang.invoke.DirectMethodHandle$Holder.invokeSpecial(java.lang.Object, java.lang.Object, java.lang.Object, java.lang.Object, java.lang.Object)'> (0x000000071770fb58) 
thrown [src/hotspot/share/interpreter/linkResolver.cpp, line 783]
Event: 1.759 Thread 0x00007f358c1e3c60 Exception <a 'java/lang/NoSuchMethodError'{0x00000007176c1de8}: 'void java.lang.invoke.DirectMethodHandle$Holder.invokeSpecial(java.lang.Object, java.lang.Object, java.lang.Object, java.lang.Object, java.lang.Object)'> (0x00000007176c1de8) 
thrown [src/hotspot/share/interpreter/linkResolver.cpp, line 783]
Event: 1.763 Thread 0x00007f358c1e2020 Exception <a 'java/lang/NoSuchMethodError'{0x0000000717636b28}: 'void java.lang.invoke.DirectMethodHandle$Holder.invokeSpecial(java.lang.Object, java.lang.Object, java.lang.Object, java.lang.Object, java.lang.Object)'> (0x0000000717636b28) 
thrown [src/hotspot/share/interpreter/linkResolver.cpp, line 783]
Event: 1.768 Thread 0x00007f34dc013cf0 Exception <a 'java/lang/NoSuchMethodError'{0x0000000717767788}: 'void java.lang.invoke.DirectMethodHandle$Holder.invokeStatic(java.lang.Object, java.lang.Object, int)'> (0x0000000717767788) 
thrown [src/hotspot/share/interpreter/linkResolver.cpp, line 783]
Event: 1.779 Thread 0x00007f34e0060e00 Exception <a 'java/lang/NoSuchMethodError'{0x00000007177a8eb8}: 'void java.lang.invoke.DirectMethodHandle$Holder.invokeStatic(java.lang.Object, java.lang.Object)'> (0x00000007177a8eb8) 
thrown [src/hotspot/share/interpreter/linkResolver.cpp, line 783]
Event: 1.784 Thread 0x00007f34c8003820 Exception <a 'java/lang/NoSuchMethodError'{0x00000007177d6608}: 'void java.lang.invoke.DirectMethodHandle$Holder.invokeInterface(java.lang.Object, java.lang.Object, java.lang.Object)'> (0x00000007177d6608) 
thrown [src/hotspot/share/interpreter/linkResolver.cpp, line 783]
Event: 2.081 Thread 0x00007f34bc004990 Exception <a 'java/lang/NoSuchMethodError'{0x000000071727ff70}: 'void java.lang.invoke.DirectMethodHandle$Holder.invokeInterface(java.lang.Object, java.lang.Object)'> (0x000000071727ff70) 
thrown [src/hotspot/share/interpreter/linkResolver.cpp, line 783]
Event: 2.711 Thread 0x00007f358c1e2020 Exception <a 'java/lang/NoSuchMethodError'{0x0000000716158710}: 'void java.lang.invoke.Invokers$Holder.invokeExact_MT(java.lang.Object, java.lang.Object, java.lang.Object, java.lang.Object)'> (0x0000000716158710) 
thrown [src/hotspot/share/interpreter/linkResolver.cpp, line 783]
Event: 2.711 Thread 0x00007f358c1e2a50 Exception <a 'java/lang/NoSuchMethodError'{0x0000000717728718}: 'void java.lang.invoke.Invokers$Holder.invokeExact_MT(java.lang.Object, java.lang.Object, java.lang.Object, java.lang.Object)'> (0x0000000717728718) 
thrown [src/hotspot/share/interpreter/linkResolver.cpp, line 783]
Event: 2.716 Thread 0x00007f358c1e4d60 Exception <a 'java/lang/NoSuchMethodError'{0x000000071638a728}: 'void java.lang.invoke.DelegatingMethodHandle$Holder.reinvoke_L(java.lang.Object, java.lang.Object, int)'> (0x000000071638a728) 
thrown [src/hotspot/share/interpreter/linkResolver.cpp, line 783]
Event: 2.716 Thread 0x00007f358c1e2a50 Exception <a 'java/lang/NoSuchMethodError'{0x0000000716172910}: 'void java.lang.invoke.Invokers$Holder.invokeExact_MT(java.lang.Object, java.lang.Object, int, java.lang.Object)'> (0x0000000716172910) 
thrown [src/hotspot/share/interpreter/linkResolver.cpp, line 783]
Event: 2.716 Thread 0x00007f358c1e4d60 Exception <a 'java/lang/NoSuchMethodError'{0x0000000716390fc0}: 'void java.lang.invoke.Invokers$Holder.invokeExact_MT(java.lang.Object, java.lang.Object, int, java.lang.Object)'> (0x0000000716390fc0) 
thrown [src/hotspot/share/interpreter/linkResolver.cpp, line 783]
Event: 2.730 Thread 0x00007f358c1e4d60 Exception <a 'java/lang/NoSuchMethodError'{0x00000007161f77d8}: 'java.lang.Object java.lang.invoke.DirectMethodHandle$Holder.invokeSpecial(java.lang.Object, java.lang.Object, java.lang.Object, int, java.lang.Object)'> (0x00000007161f77d8) 
thrown [src/hotspot/share/interpreter/linkResolver.cpp, line 783]
Event: 2.730 Thread 0x00007f358c1e2020 Exception <a 'java/lang/NoSuchMethodError'{0x00000007161d9c30}: 'java.lang.Object java.lang.invoke.DirectMethodHandle$Holder.invokeSpecial(java.lang.Object, java.lang.Object, java.lang.Object, int, java.lang.Object)'> (0x00000007161d9c30) 
thrown [src/hotspot/share/interpreter/linkResolver.cpp, line 783]
Event: 2.731 Thread 0x00007f358c1e4d60 Exception <a 'java/lang/NoSuchMethodError'{0x00000007161fae90}: 'java.lang.Object java.lang.invoke.Invokers$Holder.linkToTargetMethod(java.lang.Object, int, java.lang.Object, java.lang.Object)'> (0x00000007161fae90) 
thrown [src/hotspot/share/interpreter/linkResolver.cpp, line 783]
Event: 2.731 Thread 0x00007f358c1e2020 Exception <a 'java/lang/NoSuchMethodError'{0x00000007161dcdd8}: 'java.lang.Object java.lang.invoke.Invokers$Holder.linkToTargetMethod(java.lang.Object, int, java.lang.Object, java.lang.Object)'> (0x00000007161dcdd8) 
thrown [src/hotspot/share/interpreter/linkResolver.cpp, line 783]
Event: 2.784 Thread 0x00007f358c1e3c60 Exception <a 'java/io/IOException'{0x0000000715f53760}> (0x0000000715f53760) 
thrown [src/hotspot/share/prims/jni.cpp, line 535]

ZGC Phase Switch (0 events):
No events

VM Operations (20 events):
Event: 0.801 Executing VM operation: HandshakeAllThreads (Deoptimize) done
Event: 0.805 Executing VM operation: HandshakeAllThreads (Deoptimize)
Event: 0.805 Executing VM operation: HandshakeAllThreads (Deoptimize) done
Event: 1.036 Executing VM operation: HandshakeAllThreads (Deoptimize)
Event: 1.036 Executing VM operation: HandshakeAllThreads (Deoptimize) done
Event: 1.345 Executing VM operation: G1CollectForAllocation (G1 Evacuation Pause)
Event: 1.352 Executing VM operation: G1CollectForAllocation (G1 Evacuation Pause) done
Event: 1.713 Executing VM operation: HandshakeAllThreads (Deoptimize)
Event: 1.713 Executing VM operation: HandshakeAllThreads (Deoptimize) done
Event: 1.721 Executing VM operation: G1CollectForAllocation (G1 Evacuation Pause)
Event: 1.733 Executing VM operation: G1CollectForAllocation (G1 Evacuation Pause) done
Event: 2.364 Executing VM operation: HandshakeAllThreads (Deoptimize)
Event: 2.364 Executing VM operation: HandshakeAllThreads (Deoptimize) done
Event: 2.372 Executing VM operation: HandshakeAllThreads (Deoptimize)
Event: 2.372 Executing VM operation: HandshakeAllThreads (Deoptimize) done
Event: 2.663 Executing VM operation: HandshakeAllThreads (Deoptimize)
Event: 2.663 Executing VM operation: HandshakeAllThreads (Deoptimize) done
Event: 2.705 Executing VM operation: HandshakeAllThreads (Deoptimize)
Event: 2.705 Executing VM operation: HandshakeAllThreads (Deoptimize) done
Event: 2.809 Executing VM operation: G1CollectForAllocation (G1 Evacuation Pause)

Memory protections (20 events):
Event: 1.557 Protecting memory [0x00007f351dffd000,0x00007f351e001000] with protection modes 0
Event: 1.560 Protecting memory [0x00007f351defd000,0x00007f351df01000] with protection modes 0
Event: 1.568 Protecting memory [0x00007f351ddfd000,0x00007f351de01000] with protection modes 0
Event: 1.780 Protecting memory [0x00007f351dcfd000,0x00007f351dd01000] with protection modes 0
Event: 1.786 Protecting memory [0x00007f351dbfd000,0x00007f351dc01000] with protection modes 0
Event: 1.790 Protecting memory [0x00007f351dafd000,0x00007f351db01000] with protection modes 0
Event: 1.794 Protecting memory [0x00007f351d9fd000,0x00007f351da01000] with protection modes 0
Event: 1.818 Protecting memory [0x00007f351d8fd000,0x00007f351d901000] with protection modes 0
Event: 1.824 Protecting memory [0x00007f351d7fd000,0x00007f351d801000] with protection modes 0
Event: 1.827 Protecting memory [0x00007f351d6fd000,0x00007f351d701000] with protection modes 0
Event: 1.828 Protecting memory [0x00007f351d5fd000,0x00007f351d601000] with protection modes 0
Event: 2.734 Protecting memory [0x00007f351d4fd000,0x00007f351d501000] with protection modes 0
Event: 2.736 Protecting memory [0x00007f351d3fd000,0x00007f351d401000] with protection modes 0
Event: 2.759 Protecting memory [0x00007f351d2fd000,0x00007f351d301000] with protection modes 0
Event: 2.768 Protecting memory [0x00007f351d1fd000,0x00007f351d201000] with protection modes 0
Event: 2.773 Protecting memory [0x00007f351d0fd000,0x00007f351d101000] with protection modes 0
Event: 2.775 Protecting memory [0x00007f351cffd000,0x00007f351d001000] with protection modes 0
Event: 2.781 Protecting memory [0x00007f351cefd000,0x00007f351cf01000] with protection modes 0
Event: 2.782 Protecting memory [0x00007f351cdfd000,0x00007f351ce01000] with protection modes 0
Event: 2.783 Protecting memory [0x00007f351ccfd000,0x00007f351cd01000] with protection modes 0

Nmethod flushes (0 events):
No events

Events (20 events):
Event: 1.560 Thread 0x00007f358c1e3c60 Thread added: 0x00007f34dc013cf0
Event: 1.562 Thread 0x00007f358c1e2a50 Thread added: 0x00007f34e8037130
Event: 1.778 Thread 0x00007f34e0060e00 Thread added: 0x00007f34c8003820
Event: 1.780 Thread 0x00007f34e40b1640 Thread added: 0x00007f34c4002ac0
Event: 1.789 Thread 0x00007f34e8037130 Thread added: 0x00007f34c0001d90
Event: 1.794 Thread 0x00007f34dc013cf0 Thread added: 0x00007f34bc004990
Event: 1.818 Thread 0x00007f34e40b1640 Thread added: 0x00007f34c4004530
Event: 1.824 Thread 0x00007f34dc013cf0 Thread added: 0x00007f34bc005c30
Event: 1.827 Thread 0x00007f34e0060e00 Thread added: 0x00007f34c8007160
Event: 1.828 Thread 0x00007f34e8037130 Thread added: 0x00007f34c001c0d0
Event: 2.733 Thread 0x00007f358c1e4d60 Thread added: 0x00007f34e00f94e0
Event: 2.735 Thread 0x00007f358c1e2020 Thread added: 0x00007f34e434bf60
Event: 2.756 Thread 0x00007f358c1e2a50 Thread added: 0x00007f34e806da10
Event: 2.767 Thread 0x00007f34e00f94e0 Thread added: 0x00007f34c400a0c0
Event: 2.772 Thread 0x00007f34e434bf60 Thread added: 0x00007f34d0003ba0
Event: 2.775 Thread 0x00007f34e00f94e0 Thread added: 0x00007f34c400b860
Event: 2.780 Thread 0x00007f34e806da10 Thread added: 0x00007f34cc006150
Event: 2.782 Thread 0x00007f34e434bf60 Thread added: 0x00007f34d0004e10
Event: 2.783 Thread 0x00007f34e806da10 Thread added: 0x00007f34cc0073f0
Event: 2.786 Thread 0x00007f358c1e3c60 Thread exited: 0x00007f358c1e3c60


Dynamic libraries:
707e00000-717800000 rw-p 00000000 00:00 0 
717800000-7ffe00000 ---p 00000000 00:00 0 
7ffe00000-7fff0c000 rw-p 00d70000 103:05 3173367                         /home/marciuc/Downloads/JetBrains Rider-2024.3.7/jbr/lib/server/classes.jsa
7fff0c000-800000000 rw-p 00000000 00:00 0 
56487d041000-56487d042000 r--p 00000000 103:05 3173172                   /home/marciuc/Downloads/JetBrains Rider-2024.3.7/jbr/bin/java
56487d042000-56487d043000 r-xp 00001000 103:05 3173172                   /home/marciuc/Downloads/JetBrains Rider-2024.3.7/jbr/bin/java
56487d043000-56487d044000 r--p 00002000 103:05 3173172                   /home/marciuc/Downloads/JetBrains Rider-2024.3.7/jbr/bin/java
56487d044000-56487d045000 r--p 00002000 103:05 3173172                   /home/marciuc/Downloads/JetBrains Rider-2024.3.7/jbr/bin/java
56487d045000-56487d046000 rw-p 00003000 103:05 3173172                   /home/marciuc/Downloads/JetBrains Rider-2024.3.7/jbr/bin/java
56487d605000-56487d676000 rw-p 00000000 00:00 0                          [heap]
7f34b4000000-7f34b4064000 rw-p 00000000 00:00 0 
7f34b4064000-7f34b8000000 ---p 00000000 00:00 0 
7f34b8000000-7f34b80eb000 rw-p 00000000 00:00 0 
7f34b80eb000-7f34bc000000 ---p 00000000 00:00 0 
7f34bc000000-7f34bc021000 rw-p 00000000 00:00 0 
7f34bc021000-7f34c0000000 ---p 00000000 00:00 0 
7f34c0000000-7f34c0022000 rw-p 00000000 00:00 0 
7f34c0022000-7f34c4000000 ---p 00000000 00:00 0 
7f34c4000000-7f34c4021000 rw-p 00000000 00:00 0 
7f34c4021000-7f34c8000000 ---p 00000000 00:00 0 
7f34c8000000-7f34c8021000 rw-p 00000000 00:00 0 
7f34c8021000-7f34cc000000 ---p 00000000 00:00 0 
7f34cc000000-7f34cc021000 rw-p 00000000 00:00 0 
7f34cc021000-7f34d0000000 ---p 00000000 00:00 0 
7f34d0000000-7f34d0021000 rw-p 00000000 00:00 0 
7f34d0021000-7f34d4000000 ---p 00000000 00:00 0 
7f34d4000000-7f34d44c3000 rw-p 00000000 00:00 0 
7f34d44c3000-7f34d8000000 ---p 00000000 00:00 0 
7f34d8000000-7f34d8040000 rw-p 00000000 00:00 0 
7f34d8040000-7f34dc000000 ---p 00000000 00:00 0 
7f34dc000000-7f34dc0f5000 rw-p 00000000 00:00 0 
7f34dc0f5000-7f34e0000000 ---p 00000000 00:00 0 
7f34e0000000-7f34e0103000 rw-p 00000000 00:00 0 
7f34e0103000-7f34e4000000 ---p 00000000 00:00 0 
7f34e4000000-7f34e434f000 rw-p 00000000 00:00 0 
7f34e434f000-7f34e8000000 ---p 00000000 00:00 0 
7f34e8000000-7f34e8071000 rw-p 00000000 00:00 0 
7f34e8071000-7f34ec000000 ---p 00000000 00:00 0 
7f34ec000000-7f34ec021000 rw-p 00000000 00:00 0 
7f34ec021000-7f34f0000000 ---p 00000000 00:00 0 
7f34f0000000-7f34f0021000 rw-p 00000000 00:00 0 
7f34f0021000-7f34f4000000 ---p 00000000 00:00 0 
7f34f4000000-7f34f4e37000 rw-p 00000000 00:00 0 
7f34f4e37000-7f34f8000000 ---p 00000000 00:00 0 
7f34f8000000-7f34f8698000 rw-p 00000000 00:00 0 
7f34f8698000-7f34fc000000 ---p 00000000 00:00 0 
7f34fc000000-7f34fc021000 rw-p 00000000 00:00 0 
7f34fc021000-7f3500000000 ---p 00000000 00:00 0 
7f3500000000-7f3500021000 rw-p 00000000 00:00 0 
7f3500021000-7f3504000000 ---p 00000000 00:00 0 
7f3504000000-7f3504021000 rw-p 00000000 00:00 0 
7f3504021000-7f3508000000 ---p 00000000 00:00 0 
7f3508000000-7f3508021000 rw-p 00000000 00:00 0 
7f3508021000-7f350c000000 ---p 00000000 00:00 0 
7f350c000000-7f350c021000 rw-p 00000000 00:00 0 
7f350c021000-7f3510000000 ---p 00000000 00:00 0 
7f3510000000-7f3510021000 rw-p 00000000 00:00 0 
7f3510021000-7f3514000000 ---p 00000000 00:00 0 
7f3514000000-7f3514400000 rw-p 00000000 00:00 0 
7f3514400000-7f3514500000 rw-p 00000000 00:00 0 
7f3514500000-7f3514600000 rw-p 00000000 00:00 0 
7f3514600000-7f3514700000 rw-p 00000000 00:00 0 
7f3514700000-7f3514900000 rw-p 00000000 00:00 0 
7f3514900000-7f3514940000 rw-p 00000000 00:00 0 
7f3514940000-7f3514980000 rw-p 00000000 00:00 0 
7f3514980000-7f3514b00000 rw-p 00000000 00:00 0 
7f3514b00000-7f3514bf0000 rw-p 00000000 00:00 0 
7f3514bf0000-7f3514c00000 ---p 00000000 00:00 0 
7f3514c00000-7f3514f90000 rw-p 00000000 00:00 0 
7f3514f90000-7f3518000000 ---p 00000000 00:00 0 
7f3518000000-7f3518021000 rw-p 00000000 00:00 0 
7f3518021000-7f351c000000 ---p 00000000 00:00 0 
7f351c88a000-7f351ccfd000 rw-p 00000000 00:00 0 
7f351ccfd000-7f351cd01000 ---p 00000000 00:00 0 
7f351cd01000-7f351cdfd000 rw-p 00000000 00:00 0 
7f351cdfd000-7f351ce01000 ---p 00000000 00:00 0 
7f351ce01000-7f351cefd000 rw-p 00000000 00:00 0 
7f351cefd000-7f351cf01000 ---p 00000000 00:00 0 
7f351cf01000-7f351cffd000 rw-p 00000000 00:00 0 
7f351cffd000-7f351d001000 ---p 00000000 00:00 0 
7f351d001000-7f351d0fd000 rw-p 00000000 00:00 0 
7f351d0fd000-7f351d101000 ---p 00000000 00:00 0 
7f351d101000-7f351d1fd000 rw-p 00000000 00:00 0 
7f351d1fd000-7f351d201000 ---p 00000000 00:00 0 
7f351d201000-7f351d2fd000 rw-p 00000000 00:00 0 
7f351d2fd000-7f351d301000 ---p 00000000 00:00 0 
7f351d301000-7f351d3fd000 rw-p 00000000 00:00 0 
7f351d3fd000-7f351d401000 ---p 00000000 00:00 0 
7f351d401000-7f351d4fd000 rw-p 00000000 00:00 0 
7f351d4fd000-7f351d501000 ---p 00000000 00:00 0 
7f351d501000-7f351d5fd000 rw-p 00000000 00:00 0 
7f351d5fd000-7f351d601000 ---p 00000000 00:00 0 
7f351d601000-7f351d6fd000 rw-p 00000000 00:00 0 
7f351d6fd000-7f351d701000 ---p 00000000 00:00 0 
7f351d701000-7f351d7fd000 rw-p 00000000 00:00 0 
7f351d7fd000-7f351d801000 ---p 00000000 00:00 0 
7f351d801000-7f351d8fd000 rw-p 00000000 00:00 0 
7f351d8fd000-7f351d901000 ---p 00000000 00:00 0 
7f351d901000-7f351d9fd000 rw-p 00000000 00:00 0 
7f351d9fd000-7f351da01000 ---p 00000000 00:00 0 
7f351da01000-7f351dafd000 rw-p 00000000 00:00 0 
7f351dafd000-7f351db01000 ---p 00000000 00:00 0 
7f351db01000-7f351dbfd000 rw-p 00000000 00:00 0 
7f351dbfd000-7f351dc01000 ---p 00000000 00:00 0 
7f351dc01000-7f351dcfd000 rw-p 00000000 00:00 0 
7f351dcfd000-7f351dd01000 ---p 00000000 00:00 0 
7f351dd01000-7f351ddfd000 rw-p 00000000 00:00 0 
7f351ddfd000-7f351de01000 ---p 00000000 00:00 0 
7f351de01000-7f351defd000 rw-p 00000000 00:00 0 
7f351defd000-7f351df01000 ---p 00000000 00:00 0 
7f351df01000-7f351dffd000 rw-p 00000000 00:00 0 
7f351dffd000-7f351e001000 ---p 00000000 00:00 0 
7f351e001000-7f351e0fd000 rw-p 00000000 00:00 0 
7f351e0fd000-7f351e101000 ---p 00000000 00:00 0 
7f351e101000-7f351e1fd000 rw-p 00000000 00:00 0 
7f351e1fd000-7f351e1fe000 ---p 00000000 00:00 0 
7f351e1fe000-7f351e2fe000 rw-p 00000000 00:00 0 
7f351e2fe000-7f351e2ff000 ---p 00000000 00:00 0 
7f351e2ff000-7f351e3ff000 rw-p 00000000 00:00 0 
7f351e3ff000-7f351e400000 ---p 00000000 00:00 0 
7f351e400000-7f351e500000 rw-p 00000000 00:00 0 
7f351e500000-7f351e504000 ---p 00000000 00:00 0 
7f351e504000-7f351e600000 rw-p 00000000 00:00 0 
7f351e600000-7f351e604000 ---p 00000000 00:00 0 
7f351e604000-7f351e700000 rw-p 00000000 00:00 0 
7f351e700000-7f351e704000 ---p 00000000 00:00 0 
7f351e704000-7f351e800000 rw-p 00000000 00:00 0 
7f351e800000-7f351e804000 ---p 00000000 00:00 0 
7f351e804000-7f351e900000 rw-p 00000000 00:00 0 
7f351e900000-7f351e904000 ---p 00000000 00:00 0 
7f351e904000-7f351ea00000 rw-p 00000000 00:00 0 
7f351ea00000-7f351ea04000 ---p 00000000 00:00 0 
7f351ea04000-7f351eb00000 rw-p 00000000 00:00 0 
7f351eb00000-7f351eb04000 ---p 00000000 00:00 0 
7f351eb04000-7f351ec00000 rw-p 00000000 00:00 0 
7f351ec00000-7f351ec04000 ---p 00000000 00:00 0 
7f351ec04000-7f351ed00000 rw-p 00000000 00:00 0 
7f351ed00000-7f351ed04000 ---p 00000000 00:00 0 
7f351ed04000-7f351ee00000 rw-p 00000000 00:00 0 
7f351ee00000-7f351ee04000 ---p 00000000 00:00 0 
7f351ee04000-7f351ef00000 rw-p 00000000 00:00 0 
7f351ef00000-7f351ef04000 ---p 00000000 00:00 0 
7f351ef04000-7f351f000000 rw-p 00000000 00:00 0 
7f351f000000-7f351fd2e000 rw-p 00001000 103:05 3173367                   /home/marciuc/Downloads/JetBrains Rider-2024.3.7/jbr/lib/server/classes.jsa
7f351fd2e000-7f3520000000 ---p 00000000 00:00 0 
7f3520000000-7f3520040000 rw-p 00000000 00:00 0 
7f3520040000-7f3520080000 rw-p 00000000 00:00 0 
7f3520080000-7f35200a0000 rw-p 00000000 00:00 0 
7f35200a0000-7f35200c0000 rw-p 00000000 00:00 0 
7f35200c0000-7f3520140000 rw-p 00000000 00:00 0 
7f3520140000-7f3520220000 rw-p 00000000 00:00 0 
7f3520220000-7f3560000000 ---p 00000000 00:00 0 
7f3560000000-7f3560021000 rw-p 00000000 00:00 0 
7f3560021000-7f3564000000 ---p 00000000 00:00 0 
7f3564000000-7f3564021000 rw-p 00000000 00:00 0 
7f3564021000-7f3568000000 ---p 00000000 00:00 0 
7f3568000000-7f3568021000 rw-p 00000000 00:00 0 
7f3568021000-7f356c000000 ---p 00000000 00:00 0 
7f356c000000-7f356c021000 rw-p 00000000 00:00 0 
7f356c021000-7f3570000000 ---p 00000000 00:00 0 
7f3570000000-7f3570021000 rw-p 00000000 00:00 0 
7f3570021000-7f3574000000 ---p 00000000 00:00 0 
7f35740c0000-7f35740c4000 ---p 00000000 00:00 0 
7f35740c4000-7f35741c0000 rw-p 00000000 00:00 0 
7f35741c0000-7f35741c4000 ---p 00000000 00:00 0 
7f35741c4000-7f35742c0000 rw-p 00000000 00:00 0 
7f35742c0000-7f35742c4000 ---p 00000000 00:00 0 
7f35742c4000-7f35743c0000 rw-p 00000000 00:00 0 
7f35743c0000-7f3574c02000 r--p 00000000 103:05 796078                    /usr/lib/locale/locale-archive
7f3574c02000-7f3574c03000 ---p 00000000 00:00 0 
7f3574c03000-7f3574d03000 rw-p 00000000 00:00 0 
7f3574d03000-7f3574d04000 ---p 00000000 00:00 0 
7f3574d04000-7f3574e04000 rw-p 00000000 00:00 0 
7f3574f1e000-7f357503b000 rw-p 00000000 00:00 0 
7f357503b000-7f357503c000 ---p 00000000 00:00 0 
7f357503c000-7f357513c000 rw-p 00000000 00:00 0 
7f357513c000-7f357513d000 ---p 00000000 00:00 0 
7f357513d000-7f3575625000 rw-p 00000000 00:00 0 
7f3575625000-7f357903d000 ---p 00000000 00:00 0 
7f357903d000-7f3579045000 rw-p 00000000 00:00 0 
7f3579045000-7f35793f5000 rwxp 00000000 00:00 0 
7f35793f5000-7f358057c000 ---p 00000000 00:00 0 
7f358057c000-7f35807ec000 rwxp 00000000 00:00 0 
7f35807ec000-7f3580b0d000 ---p 00000000 00:00 0 
7f3580b0d000-7f3580d7d000 rwxp 00000000 00:00 0 
7f3580d7d000-7f3588045000 ---p 00000000 00:00 0 
7f3588045000-7f358c000000 r--s 00000000 103:05 3173276                   /home/marciuc/Downloads/JetBrains Rider-2024.3.7/jbr/lib/modules
7f358c000000-7f358c1e8000 rw-p 00000000 00:00 0 
7f358c1e8000-7f3590000000 ---p 00000000 00:00 0 
7f3590003000-7f359000a000 r--s 00000000 103:05 929082                    /usr/lib/x86_64-linux-gnu/gconv/gconv-modules.cache
7f359000a000-7f359000b000 r--p 00000000 103:05 3173372                   /home/marciuc/Downloads/JetBrains Rider-2024.3.7/jbr/lib/libextnet.so
7f359000b000-7f359000c000 r-xp 00001000 103:05 3173372                   /home/marciuc/Downloads/JetBrains Rider-2024.3.7/jbr/lib/libextnet.so
7f359000c000-7f359000d000 r--p 00002000 103:05 3173372                   /home/marciuc/Downloads/JetBrains Rider-2024.3.7/jbr/lib/libextnet.so
7f359000d000-7f359000e000 r--p 00002000 103:05 3173372                   /home/marciuc/Downloads/JetBrains Rider-2024.3.7/jbr/lib/libextnet.so
7f359000e000-7f359000f000 rw-p 00000000 00:00 0 
7f359000f000-7f3590012000 r--p 00000000 103:05 3173275                   /home/marciuc/Downloads/JetBrains Rider-2024.3.7/jbr/lib/libnet.so
7f3590012000-7f359001a000 r-xp 00003000 103:05 3173275                   /home/marciuc/Downloads/JetBrains Rider-2024.3.7/jbr/lib/libnet.so
7f359001a000-7f359001c000 r--p 0000b000 103:05 3173275                   /home/marciuc/Downloads/JetBrains Rider-2024.3.7/jbr/lib/libnet.so
7f359001c000-7f359001d000 ---p 0000d000 103:05 3173275                   /home/marciuc/Downloads/JetBrains Rider-2024.3.7/jbr/lib/libnet.so
7f359001d000-7f359001e000 r--p 0000d000 103:05 3173275                   /home/marciuc/Downloads/JetBrains Rider-2024.3.7/jbr/lib/libnet.so
7f359001e000-7f359001f000 rw-p 00000000 00:00 0 
7f359001f000-7f3590026000 r--p 00000000 103:05 3173218                   /home/marciuc/Downloads/JetBrains Rider-2024.3.7/jbr/lib/libnio.so
7f3590026000-7f359002f000 r-xp 00007000 103:05 3173218                   /home/marciuc/Downloads/JetBrains Rider-2024.3.7/jbr/lib/libnio.so
7f359002f000-7f3590033000 r--p 00010000 103:05 3173218                   /home/marciuc/Downloads/JetBrains Rider-2024.3.7/jbr/lib/libnio.so
7f3590033000-7f3590034000 ---p 00014000 103:05 3173218                   /home/marciuc/Downloads/JetBrains Rider-2024.3.7/jbr/lib/libnio.so
7f3590034000-7f3590035000 r--p 00014000 103:05 3173218                   /home/marciuc/Downloads/JetBrains Rider-2024.3.7/jbr/lib/libnio.so
7f3590035000-7f3590036000 rw-p 00015000 103:05 3173218                   /home/marciuc/Downloads/JetBrains Rider-2024.3.7/jbr/lib/libnio.so
7f3590036000-7f3590038000 r--p 00000000 103:05 3173355                   /home/marciuc/Downloads/JetBrains Rider-2024.3.7/jbr/lib/libzip.so
7f3590038000-7f359003c000 r-xp 00002000 103:05 3173355                   /home/marciuc/Downloads/JetBrains Rider-2024.3.7/jbr/lib/libzip.so
7f359003c000-7f359003e000 r--p 00006000 103:05 3173355                   /home/marciuc/Downloads/JetBrains Rider-2024.3.7/jbr/lib/libzip.so
7f359003e000-7f359003f000 r--p 00007000 103:05 3173355                   /home/marciuc/Downloads/JetBrains Rider-2024.3.7/jbr/lib/libzip.so
7f359003f000-7f3592444000 rw-p 00000000 00:00 0 
7f3592444000-7f3592445000 ---p 00000000 00:00 0 
7f3592445000-7f3592545000 rw-p 00000000 00:00 0 
7f3592545000-7f3592546000 ---p 00000000 00:00 0 
7f3592546000-7f3592646000 rw-p 00000000 00:00 0 
7f3592646000-7f3592647000 ---p 00000000 00:00 0 
7f3592647000-7f3592806000 rw-p 00000000 00:00 0 
7f3592806000-7f3592f49000 ---p 00000000 00:00 0 
7f3592f49000-7f3592fc7000 rw-p 00000000 00:00 0 
7f3592fc7000-7f359370a000 ---p 00000000 00:00 0 
7f359370a000-7f3593b14000 rw-p 00000000 00:00 0 
7f3593b14000-7f3593bfa000 ---p 00000000 00:00 0 
7f3593bfa000-7f3593c02000 rw-p 00000000 00:00 0 
7f3593c02000-7f3593ce5000 ---p 00000000 00:00 0 
7f3593ce5000-7f3593cea000 rw-p 00000000 00:00 0 
7f3593cea000-7f3593cf1000 ---p 00000000 00:00 0 
7f3593cf1000-7f3593cfe000 r--p 00000000 103:05 3173375                   /home/marciuc/Downloads/JetBrains Rider-2024.3.7/jbr/lib/libjava.so
7f3593cfe000-7f3593d0c000 r-xp 0000d000 103:05 3173375                   /home/marciuc/Downloads/JetBrains Rider-2024.3.7/jbr/lib/libjava.so
7f3593d0c000-7f3593d11000 r--p 0001b000 103:05 3173375                   /home/marciuc/Downloads/JetBrains Rider-2024.3.7/jbr/lib/libjava.so
7f3593d11000-7f3593d12000 ---p 00020000 103:05 3173375                   /home/marciuc/Downloads/JetBrains Rider-2024.3.7/jbr/lib/libjava.so
7f3593d12000-7f3593d13000 r--p 00020000 103:05 3173375                   /home/marciuc/Downloads/JetBrains Rider-2024.3.7/jbr/lib/libjava.so
7f3593d13000-7f3593d14000 rw-p 00021000 103:05 3173375                   /home/marciuc/Downloads/JetBrains Rider-2024.3.7/jbr/lib/libjava.so
7f3593d14000-7f3593d15000 rw-p 00000000 00:00 0 
7f3593d15000-7f3593d18000 r--p 00000000 103:05 3173361                   /home/marciuc/Downloads/JetBrains Rider-2024.3.7/jbr/lib/libjimage.so
7f3593d18000-7f3593d2c000 r-xp 00003000 103:05 3173361                   /home/marciuc/Downloads/JetBrains Rider-2024.3.7/jbr/lib/libjimage.so
7f3593d2c000-7f3593d32000 r--p 00017000 103:05 3173361                   /home/marciuc/Downloads/JetBrains Rider-2024.3.7/jbr/lib/libjimage.so
7f3593d32000-7f3593d34000 r--p 0001c000 103:05 3173361                   /home/marciuc/Downloads/JetBrains Rider-2024.3.7/jbr/lib/libjimage.so
7f3593d34000-7f3593d35000 rw-p 0001e000 103:05 3173361                   /home/marciuc/Downloads/JetBrains Rider-2024.3.7/jbr/lib/libjimage.so
7f3593d35000-7f3593d39000 ---p 00000000 00:00 0 
7f3593d39000-7f3593e35000 rw-p 00000000 00:00 0 
7f3593e35000-7f3593e43000 r--p 00000000 103:05 790107                    /usr/lib/x86_64-linux-gnu/libm.so.6
7f3593e43000-7f3593ebf000 r-xp 0000e000 103:05 790107                    /usr/lib/x86_64-linux-gnu/libm.so.6
7f3593ebf000-7f3593f1a000 r--p 0008a000 103:05 790107                    /usr/lib/x86_64-linux-gnu/libm.so.6
7f3593f1a000-7f3593f1b000 r--p 000e4000 103:05 790107                    /usr/lib/x86_64-linux-gnu/libm.so.6
7f3593f1b000-7f3593f1c000 rw-p 000e5000 103:05 790107                    /usr/lib/x86_64-linux-gnu/libm.so.6
7f3593f1c000-7f3593f1d000 r--p 00000000 103:05 790195                    /usr/lib/x86_64-linux-gnu/librt.so.1
7f3593f1d000-7f3593f1e000 r-xp 00001000 103:05 790195                    /usr/lib/x86_64-linux-gnu/librt.so.1
7f3593f1e000-7f3593f1f000 r--p 00002000 103:05 790195                    /usr/lib/x86_64-linux-gnu/librt.so.1
7f3593f1f000-7f3593f20000 r--p 00002000 103:05 790195                    /usr/lib/x86_64-linux-gnu/librt.so.1
7f3593f20000-7f3593f21000 rw-p 00003000 103:05 790195                    /usr/lib/x86_64-linux-gnu/librt.so.1
7f3593f21000-7f35941c4000 r--p 00000000 103:05 3173366                   /home/marciuc/Downloads/JetBrains Rider-2024.3.7/jbr/lib/server/libjvm.so
7f35941c4000-7f3595031000 r-xp 002a3000 103:05 3173366                   /home/marciuc/Downloads/JetBrains Rider-2024.3.7/jbr/lib/server/libjvm.so
7f3595031000-7f3595317000 r--p 01110000 103:05 3173366                   /home/marciuc/Downloads/JetBrains Rider-2024.3.7/jbr/lib/server/libjvm.so
7f3595317000-7f3595318000 ---p 013f6000 103:05 3173366                   /home/marciuc/Downloads/JetBrains Rider-2024.3.7/jbr/lib/server/libjvm.so
7f3595318000-7f35953ec000 r--p 013f6000 103:05 3173366                   /home/marciuc/Downloads/JetBrains Rider-2024.3.7/jbr/lib/server/libjvm.so
7f35953ec000-7f359541c000 rw-p 014ca000 103:05 3173366                   /home/marciuc/Downloads/JetBrains Rider-2024.3.7/jbr/lib/server/libjvm.so
7f359541c000-7f3595496000 rw-p 00000000 00:00 0 
7f3595496000-7f35954be000 r--p 00000000 103:05 790094                    /usr/lib/x86_64-linux-gnu/libc.so.6
7f35954be000-7f3595653000 r-xp 00028000 103:05 790094                    /usr/lib/x86_64-linux-gnu/libc.so.6
7f3595653000-7f35956ab000 r--p 001bd000 103:05 790094                    /usr/lib/x86_64-linux-gnu/libc.so.6
7f35956ab000-7f35956ac000 ---p 00215000 103:05 790094                    /usr/lib/x86_64-linux-gnu/libc.so.6
7f35956ac000-7f35956b0000 r--p 00215000 103:05 790094                    /usr/lib/x86_64-linux-gnu/libc.so.6
7f35956b0000-7f35956b2000 rw-p 00219000 103:05 790094                    /usr/lib/x86_64-linux-gnu/libc.so.6
7f35956b2000-7f35956bf000 rw-p 00000000 00:00 0 
7f35956bf000-7f35956c0000 r--p 00000000 103:05 790103                    /usr/lib/x86_64-linux-gnu/libdl.so.2
7f35956c0000-7f35956c1000 r-xp 00001000 103:05 790103                    /usr/lib/x86_64-linux-gnu/libdl.so.2
7f35956c1000-7f35956c2000 r--p 00002000 103:05 790103                    /usr/lib/x86_64-linux-gnu/libdl.so.2
7f35956c2000-7f35956c3000 r--p 00002000 103:05 790103                    /usr/lib/x86_64-linux-gnu/libdl.so.2
7f35956c3000-7f35956c4000 rw-p 00003000 103:05 790103                    /usr/lib/x86_64-linux-gnu/libdl.so.2
7f35956c4000-7f35956c5000 r--p 00000000 103:05 790177                    /usr/lib/x86_64-linux-gnu/libpthread.so.0
7f35956c5000-7f35956c6000 r-xp 00001000 103:05 790177                    /usr/lib/x86_64-linux-gnu/libpthread.so.0
7f35956c6000-7f35956c7000 r--p 00002000 103:05 790177                    /usr/lib/x86_64-linux-gnu/libpthread.so.0
7f35956c7000-7f35956c8000 r--p 00002000 103:05 790177                    /usr/lib/x86_64-linux-gnu/libpthread.so.0
7f35956c8000-7f35956c9000 rw-p 00003000 103:05 790177                    /usr/lib/x86_64-linux-gnu/libpthread.so.0
7f35956c9000-7f35956cb000 r--p 00000000 103:05 3173208                   /home/marciuc/Downloads/JetBrains Rider-2024.3.7/jbr/lib/libjli.so
7f35956cb000-7f35956d5000 r-xp 00002000 103:05 3173208                   /home/marciuc/Downloads/JetBrains Rider-2024.3.7/jbr/lib/libjli.so
7f35956d5000-7f35956d8000 r--p 0000c000 103:05 3173208                   /home/marciuc/Downloads/JetBrains Rider-2024.3.7/jbr/lib/libjli.so
7f35956d8000-7f35956d9000 ---p 0000f000 103:05 3173208                   /home/marciuc/Downloads/JetBrains Rider-2024.3.7/jbr/lib/libjli.so
7f35956d9000-7f35956da000 r--p 0000f000 103:05 3173208                   /home/marciuc/Downloads/JetBrains Rider-2024.3.7/jbr/lib/libjli.so
7f35956da000-7f35956db000 rw-p 00010000 103:05 3173208                   /home/marciuc/Downloads/JetBrains Rider-2024.3.7/jbr/lib/libjli.so
7f35956db000-7f35956dd000 r--p 00000000 103:05 798410                    /usr/lib/x86_64-linux-gnu/libz.so.1.2.11
7f35956dd000-7f35956ee000 r-xp 00002000 103:05 798410                    /usr/lib/x86_64-linux-gnu/libz.so.1.2.11
7f35956ee000-7f35956f4000 r--p 00013000 103:05 798410                    /usr/lib/x86_64-linux-gnu/libz.so.1.2.11
7f35956f4000-7f35956f5000 ---p 00019000 103:05 798410                    /usr/lib/x86_64-linux-gnu/libz.so.1.2.11
7f35956f5000-7f35956f6000 r--p 00019000 103:05 798410                    /usr/lib/x86_64-linux-gnu/libz.so.1.2.11
7f35956f6000-7f35956f7000 rw-p 0001a000 103:05 798410                    /usr/lib/x86_64-linux-gnu/libz.so.1.2.11
7f35956f8000-7f35956f9000 r--p 00000000 103:05 797784                    /usr/lib/x86_64-linux-gnu/libnss_mdns4_minimal.so.2
7f35956f9000-7f35956fb000 r-xp 00001000 103:05 797784                    /usr/lib/x86_64-linux-gnu/libnss_mdns4_minimal.so.2
7f35956fb000-7f35956fc000 r--p 00003000 103:05 797784                    /usr/lib/x86_64-linux-gnu/libnss_mdns4_minimal.so.2
7f35956fc000-7f35956fd000 r--p 00003000 103:05 797784                    /usr/lib/x86_64-linux-gnu/libnss_mdns4_minimal.so.2
7f35956fd000-7f35956fe000 rw-p 00004000 103:05 797784                    /usr/lib/x86_64-linux-gnu/libnss_mdns4_minimal.so.2
7f35956fe000-7f3595706000 rw-s 00000000 103:05 2164410                   /tmp/hsperfdata_marciuc/4939
7f3595706000-7f3595707000 ---p 00000000 00:00 0 
7f3595707000-7f3595708000 r--p 00000000 00:00 0 
7f3595708000-7f359570a000 rw-p 00000000 00:00 0 
7f359570a000-7f359570c000 r--p 00000000 103:05 790085                    /usr/lib/x86_64-linux-gnu/ld-linux-x86-64.so.2
7f359570c000-7f3595736000 r-xp 00002000 103:05 790085                    /usr/lib/x86_64-linux-gnu/ld-linux-x86-64.so.2
7f3595736000-7f3595741000 r--p 0002c000 103:05 790085                    /usr/lib/x86_64-linux-gnu/ld-linux-x86-64.so.2
7f3595741000-7f3595742000 ---p 00000000 00:00 0 
7f3595742000-7f3595744000 r--p 00037000 103:05 790085                    /usr/lib/x86_64-linux-gnu/ld-linux-x86-64.so.2
7f3595744000-7f3595746000 rw-p 00039000 103:05 790085                    /usr/lib/x86_64-linux-gnu/ld-linux-x86-64.so.2
7ffd281a7000-7ffd281c9000 rw-p 00000000 00:00 0                          [stack]
7ffd281f6000-7ffd281fa000 r--p 00000000 00:00 0                          [vvar]
7ffd281fa000-7ffd281fc000 r-xp 00000000 00:00 0                          [vdso]
ffffffffff600000-ffffffffff601000 --xp 00000000 00:00 0                  [vsyscall]
Total number of mappings: 306


VM Arguments:
jvm_args: -Djava.io.tmpdir=/home/marciuc/.cache/JetBrains/Rider2024.3/tmp/statistics-uploader -Dawt.toolkit.name=XToolkit 
java_command: com.intellij.internal.statistic.uploader.EventLogUploader --ide-token /home/marciuc/.cache/JetBrains/Rider2024.3/token --recorders FUS;MP;IJ_MAP;ML --device-fus 0912243c0b6a5c5-bc36-414e-80a1-680d085c1776 --bucket-fus 159 --machine-fus 6a3e83e2d07a9781cbe10b1edc9f8dfe368a79609ec7cbdf7efdaed3f09f04e5 --id-revision-fus 0 --files-fus /home/marciuc/.cache/JetBrains/Rider2024.3/event-log-data/logs/FUS/5a5b-41a7-87e7-e9d192b06b53-243.26053.56-release.log:/home/marciuc/.cache/JetBrains/Rider2024.3/event-log-data/logs/FUS/5ae9-4f1d-af78-dcb8926680ad-243.26053.56-release.log --escape-fus false --device-mp 0912243569f8eb4-c562-4bcd-984d-0a5610122b5f --bucket-mp 199 --machine-mp aae711331ac5bffff579dd1d88c9f3bb8f6949a325344279c39d3c9237ca1a17 --id-revision-mp 0 --files-mp /home/marciuc/.cache/JetBrains/Rider2024.3/event-log-data/logs/MP/2267-4503-a3bb-a9445b0d94c5-243.26053.56-release.log --escape-mp false --device-ij_map 0912243c0b6a5c5-bc36-414e-80a1-680d085c1776 --bucket-ij_map 159 --machine-ij_map 6a3e83e2d07a9781cbe10b1edc9f8dfe368a79609ec7cbdf7efdaed3f09f04e5 --id-revision-ij_map 0 --files-ij_map /home/marciuc/.cache/JetBrains/Rider2024.3/event-log-data/logs/IJ_MAP/062e-4900-97c2-192953584db6-243.26053.56-release.log:/home/marciuc/.cache/JetBrains/Rider2024.3/event-log-data/logs/IJ_MAP/886e-48f7-88d0-5e8891da298f-243.26053.56-release.log:/home/marciuc/.cache/JetBrains/Rider2024.3/event-log-data/logs/IJ_MAP/ac5c-4497-b657-be3bf2040f43-243.26053.56-release.log:/home/marciuc/.cache/JetBrains/Rider2024.3/event-log-data/logs/IJ_MAP/c778-4d51-8de0-ed72c43700c5-243.26053.56-release.log:/home/marciuc/.cache/JetBrains/Rider2024.3/event-log-data/logs/IJ_MAP/0405-4457-9a99-d9f4f4f2cfe7-243.26053.56-release.log --escape-ij_map false --device-ml 0912243c0b6a5c5-bc36-414e-80a1-680d085c1776 --bucket-ml 159 --machine-ml 6a3e83e2d07a9781cbe10b1edc9f8dfe368a79609ec7cbdf7efdaed3f09f04e5 --id-revision-ml 0 --files-ml /home/marciuc/.cache/JetBrains/Rider2024.3/event-log-data/
java_class_path (initial): /home/marciuc/Downloads/JetBrains Rider-2024.3.7/lib/util-8.jar:/home/marciuc/Downloads/JetBrains Rider-2024.3.7/lib/annotations.jar:/home/marciuc/Downloads/JetBrains Rider-2024.3.7/lib/lib-client.jar:/home/marciuc/Downloads/JetBrains Rider-2024.3.7/lib/stats.jar
Launcher Type: SUN_STANDARD

[Global flags]
     intx CICompilerCount                          = 3                                         {product} {ergonomic}
     uint ConcGCThreads                            = 1                                         {product} {ergonomic}
     uint G1ConcRefinementThreads                  = 4                                         {product} {ergonomic}
   size_t G1HeapRegionSize                         = 2097152                                   {product} {ergonomic}
    uintx GCDrainStackTargetSize                   = 64                                        {product} {ergonomic}
   size_t InitialHeapSize                          = 262144000                                 {product} {ergonomic}
   size_t MarkStackSize                            = 4194304                                   {product} {ergonomic}
   size_t MaxHeapSize                              = 4162846720                                {product} {ergonomic}
   size_t MaxNewSize                               = 2497708032                                {product} {ergonomic}
   size_t MinHeapDeltaBytes                        = 2097152                                   {product} {ergonomic}
   size_t MinHeapSize                              = 8388608                                   {product} {ergonomic}
    uintx NonNMethodCodeHeapSize                   = 5832780                                {pd product} {ergonomic}
    uintx NonProfiledCodeHeapSize                  = 122912730                              {pd product} {ergonomic}
    uintx ProfiledCodeHeapSize                     = 122912730                              {pd product} {ergonomic}
    uintx ReservedCodeCacheSize                    = 251658240                              {pd product} {ergonomic}
     bool SegmentedCodeCache                       = true                                      {product} {ergonomic}
   size_t SoftMaxHeapSize                          = 4162846720                             {manageable} {ergonomic}
     bool UseCompressedOops                        = true                           {product lp64_product} {ergonomic}
     bool UseG1GC                                  = true                                      {product} {ergonomic}

Logging:
Log output configuration:
 #0: stdout all=warning uptime,level,tags foldmultilines=false
 #1: stderr all=off uptime,level,tags foldmultilines=false

Environment Variables:
PATH=/home/marciuc/.cargo/bin:/usr/local/sbin:/usr/local/bin:/usr/sbin:/usr/bin:/sbin:/bin:/usr/games:/usr/local/games:/snap/bin
SHELL=/bin/bash
DISPLAY=:0
LANG=en_US.UTF-8
TERM=xterm-256color

Active Locale:
LC_ALL=en_US.UTF-8
LC_COLLATE=en_US.UTF-8
LC_CTYPE=en_US.UTF-8
LC_MESSAGES=en_US.UTF-8
LC_MONETARY=en_US.UTF-8
LC_NUMERIC=en_US.UTF-8
LC_TIME=en_US.UTF-8

Signal Handlers:
   SIGSEGV: crash_handler in libjvm.so, mask=11100100010111111101111111111110, flags=SA_RESTART|SA_SIGINFO, unblocked
    SIGBUS: crash_handler in libjvm.so, mask=11100100010111111101111111111110, flags=SA_RESTART|SA_SIGINFO, unblocked
    SIGFPE: crash_handler in libjvm.so, mask=11100100010111111101111111111110, flags=SA_RESTART|SA_SIGINFO, unblocked
   SIGPIPE: javaSignalHandler in libjvm.so, mask=11100100010111111101111111111110, flags=SA_RESTART|SA_SIGINFO, blocked
   SIGXFSZ: javaSignalHandler in libjvm.so, mask=11100100010111111101111111111110, flags=SA_RESTART|SA_SIGINFO, blocked
    SIGILL: crash_handler in libjvm.so, mask=11100100010111111101111111111110, flags=SA_RESTART|SA_SIGINFO, unblocked
   SIGUSR2: SR_handler in libjvm.so, mask=00000000000000000000000000000000, flags=SA_RESTART|SA_SIGINFO, blocked
    SIGHUP: UserHandler in libjvm.so, mask=11100100010111111101111111111110, flags=SA_RESTART|SA_SIGINFO, blocked
    SIGINT: UserHandler in libjvm.so, mask=11100100010111111101111111111110, flags=SA_RESTART|SA_SIGINFO, blocked
   SIGTERM: UserHandler in libjvm.so, mask=11100100010111111101111111111110, flags=SA_RESTART|SA_SIGINFO, blocked
   SIGQUIT: UserHandler in libjvm.so, mask=11100100010111111101111111111110, flags=SA_RESTART|SA_SIGINFO, blocked
   SIGTRAP: crash_handler in libjvm.so, mask=11100100010111111101111111111110, flags=SA_RESTART|SA_SIGINFO, unblocked


Periodic native trim disabled

JNI global refs:
JNI global refs: 15, weak refs: 2

JNI global refs memory usage: 859, weak refs: 857

Process memory usage:
Resident Set Size: 149372K (0% of 16256124K total physical memory with 10494000K free physical memory)

OOME stack traces (most recent first):
Classloader memory used:
Loader bootstrap                                                                       : 10494K
Loader jdk.internal.loader.ClassLoaders$AppClassLoader                                 : 5009K
Loader jdk.internal.loader.ClassLoaders$PlatformClassLoader                            : 2175K

---------------  S Y S T E M  ---------------

OS:
DISTRIB_ID=LinuxMint
DISTRIB_RELEASE=21.3
DISTRIB_CODENAME=virginia
DISTRIB_DESCRIPTION="Linux Mint 21.3 Virginia"
uname: Linux 5.15.0-91-generic #101-Ubuntu SMP Tue Nov 14 13:30:08 UTC 2023 x86_64
OS uptime: 0 days 0:22 hours
libc: glibc 2.35 NPTL 2.35 
rlimit (soft/hard): STACK 8192k/infinity , CORE 0k/infinity , NPROC 62985/62985 , NOFILE 1048576/1048576 , AS infinity/infinity , CPU infinity/infinity , DATA infinity/infinity , FSIZE infinity/infinity , MEMLOCK 2032012k/2032012k
load average: 2.34 2.09 1.72

/proc/meminfo:
MemTotal:       16256124 kB
MemFree:         6919396 kB
MemAvailable:   10494000 kB
Buffers:          111524 kB
Cached:          4340196 kB
SwapCached:            0 kB
Active:          1138636 kB
Inactive:        7121500 kB
Active(anon):       3560 kB
Inactive(anon):  4514372 kB
Active(file):    1135076 kB
Inactive(file):  2607128 kB
Unevictable:      651216 kB
Mlocked:              48 kB
SwapTotal:       2097148 kB
SwapFree:        2097148 kB
Dirty:              2332 kB
Writeback:             8 kB
AnonPages:       4460092 kB
Mapped:           932472 kB
Shmem:            708928 kB
KReclaimable:     166628 kB
Slab:             260108 kB
SReclaimable:     166628 kB
SUnreclaim:        93480 kB
KernelStack:       15024 kB
PageTables:        41524 kB
NFS_Unstable:          0 kB
Bounce:                0 kB
WritebackTmp:          0 kB
CommitLimit:    10225208 kB
Committed_AS:   11927312 kB
VmallocTotal:   34359738367 kB
VmallocUsed:       65212 kB
VmallocChunk:          0 kB
Percpu:             3136 kB
HardwareCorrupted:     0 kB
AnonHugePages:         0 kB
ShmemHugePages:        0 kB
ShmemPmdMapped:        0 kB
FileHugePages:         0 kB
FilePmdMapped:         0 kB
HugePages_Total:       0
HugePages_Free:        0
HugePages_Rsvd:        0
HugePages_Surp:        0
Hugepagesize:       2048 kB
Hugetlb:               0 kB
DirectMap4k:      257608 kB
DirectMap2M:     4868096 kB
DirectMap1G:    12582912 kB

/sys/kernel/mm/transparent_hugepage/enabled: always [madvise] never
/sys/kernel/mm/transparent_hugepage/hpage_pmd_size: 2097152
/sys/kernel/mm/transparent_hugepage/defrag (defrag/compaction efforts parameter): always defer defer+madvise [madvise] never

Process Memory:
Virtual Size: 7749104K (peak: 7750204K)
Resident Set Size: 149372K (peak: 149372K) (anon: 115476K, file: 33896K, shmem: 0K)
Swapped out: 0K
C-Heap outstanding allocations: 41218K, retained: 11389K
glibc malloc tunables: (default)

/proc/sys/kernel/threads-max (system-wide limit on the number of threads): 125971
/proc/sys/vm/max_map_count (maximum number of memory map areas a process may have): 65530
/proc/sys/vm/swappiness (control to define how aggressively the kernel swaps out anonymous memory): 60
/proc/sys/kernel/pid_max (system-wide limit on number of process identifiers): 4194304

container (cgroup) information:
container_type: cgroupv2
cpu_cpuset_cpus: not supported
cpu_memory_nodes: not supported
active_processor_count: 4
cpu_quota: not supported
cpu_period: not supported
cpu_shares: not supported
memory_limit_in_bytes: unlimited
memory_and_swap_limit_in_bytes: unlimited
memory_soft_limit_in_bytes: unlimited
memory_usage_in_bytes: 5963848 k
memory_max_usage_in_bytes: not supported
memory_swap_current_in_bytes: unlimited
memory_swap_max_limit_in_bytes: unlimited
maximum number of tasks: 18895
current number of tasks: 307

Steal ticks since vm start: 0
Steal ticks percentage since vm start:  0.000

CPU: total 4 (initial active 4) (2 cores per cpu, 2 threads per core) family 6 model 142 stepping 9 microcode 0xf4, cx8, cmov, fxsr, ht, mmx, 3dnowpref, sse, sse2, sse3, ssse3, sse4.1, sse4.2, popcnt, lzcnt, tsc, tscinvbit, avx, avx2, aes, erms, clmul, bmi1, bmi2, adx, fma, vzeroupper, clflush, clflushopt, rdtscp, f16c
CPU Model and flags from /proc/cpuinfo:
model name	: Intel(R) Core(TM) i7-7500U CPU @ 2.70GHz
flags		: fpu vme de pse tsc msr pae mce cx8 apic sep mtrr pge mca cmov pat pse36 clflush dts acpi mmx fxsr sse sse2 ss ht tm pbe syscall nx pdpe1gb rdtscp lm constant_tsc art arch_perfmon pebs bts rep_good nopl xtopology nonstop_tsc cpuid aperfmperf pni pclmulqdq dtes64 monitor ds_cpl est tm2 ssse3 sdbg fma cx16 xtpr pdcm pcid sse4_1 sse4_2 x2apic movbe popcnt tsc_deadline_timer aes xsave avx f16c rdrand lahf_lm abm 3dnowprefetch cpuid_fault epb invpcid_single pti ssbd ibrs ibpb stibp fsgsbase tsc_adjust bmi1 avx2 smep bmi2 erms invpcid mpx rdseed adx smap clflushopt intel_pt xsaveopt xsavec xgetbv1 xsaves dtherm ida arat pln pts hwp hwp_notify hwp_act_window hwp_epp md_clear flush_l1d arch_capabilities

Online cpus: 0-3
Offline cpus: 
BIOS frequency limitation: <Not Available>
Frequency switch latency (ns): 0
Available cpu frequencies: <Not Available>
Current governor: powersave
Core performance/turbo boost: <Not Available>

Memory: 4k page, physical 16256124k(10494000k free), swap 2097148k(2097148k free)
Page Sizes: 4k

vm_info: OpenJDK 64-Bit Server VM (21.0.6+8-b631.39) for linux-amd64 JRE (21.0.6+8-b631.39), built on 2025-02-04 by "builduser" with gcc 10.2.1 20210130 (Red Hat 10.2.1-11.1.0.1)

END.
